{"C:\\Users\\chars\\Desktop\\Study Stuff\\FDFDE\\FDFED_2\\Backend\\app.js": {"path":"C:\\Users\\chars\\Desktop\\Study Stuff\\FDFDE\\FDFED_2\\Backend\\app.js","statementMap":{"0":{"start":{"line":1,"column":19},"end":{"line":1,"column":41}},"1":{"start":{"line":2,"column":15},"end":{"line":2,"column":32}},"2":{"start":{"line":3,"column":14},"end":{"line":3,"column":29}},"3":{"start":{"line":5,"column":13},"end":{"line":5,"column":28}},"4":{"start":{"line":6,"column":13},"end":{"line":6,"column":30}},"5":{"start":{"line":7,"column":8},"end":{"line":7,"column":39}},"6":{"start":{"line":8,"column":15},"end":{"line":8,"column":32}},"7":{"start":{"line":9,"column":18},"end":{"line":9,"column":47}},"8":{"start":{"line":10,"column":16},"end":{"line":10,"column":34}},"9":{"start":{"line":11,"column":23},"end":{"line":11,"column":51}},"10":{"start":{"line":15,"column":0},"end":{"line":15,"column":16}},"11":{"start":{"line":18,"column":20},"end":{"line":18,"column":52}},"12":{"start":{"line":19,"column":20},"end":{"line":19,"column":98}},"13":{"start":{"line":23,"column":12},"end":{"line":23,"column":21}},"14":{"start":{"line":26,"column":0},"end":{"line":26,"column":97}},"15":{"start":{"line":27,"column":0},"end":{"line":27,"column":55}},"16":{"start":{"line":31,"column":19},"end":{"line":31,"column":52}},"17":{"start":{"line":32,"column":19},"end":{"line":32,"column":52}},"18":{"start":{"line":33,"column":22},"end":{"line":33,"column":58}},"19":{"start":{"line":34,"column":22},"end":{"line":34,"column":58}},"20":{"start":{"line":35,"column":21},"end":{"line":35,"column":56}},"21":{"start":{"line":36,"column":20},"end":{"line":36,"column":54}},"22":{"start":{"line":37,"column":18},"end":{"line":37,"column":45}},"23":{"start":{"line":40,"column":15},"end":{"line":40,"column":65}},"24":{"start":{"line":43,"column":0},"end":{"line":43,"column":51}},"25":{"start":{"line":44,"column":0},"end":{"line":44,"column":47}},"26":{"start":{"line":45,"column":0},"end":{"line":45,"column":24}},"27":{"start":{"line":47,"column":0},"end":{"line":47,"column":25}},"28":{"start":{"line":48,"column":0},"end":{"line":48,"column":16}},"29":{"start":{"line":51,"column":0},"end":{"line":51,"column":12}},"30":{"start":{"line":54,"column":0},"end":{"line":71,"column":2}},"31":{"start":{"line":73,"column":0},"end":{"line":83,"column":2}},"32":{"start":{"line":85,"column":0},"end":{"line":95,"column":2}},"33":{"start":{"line":96,"column":0},"end":{"line":106,"column":2}},"34":{"start":{"line":108,"column":0},"end":{"line":117,"column":2}},"35":{"start":{"line":119,"column":0},"end":{"line":123,"column":2}},"36":{"start":{"line":126,"column":0},"end":{"line":136,"column":2}},"37":{"start":{"line":135,"column":2},"end":{"line":135,"column":47}},"38":{"start":{"line":139,"column":0},"end":{"line":139,"column":68}},"39":{"start":{"line":141,"column":11},"end":{"line":141,"column":15}},"40":{"start":{"line":142,"column":0},"end":{"line":144,"column":1}},"41":{"start":{"line":143,"column":2},"end":{"line":143,"column":11}},"42":{"start":{"line":145,"column":0},"end":{"line":147,"column":2}},"43":{"start":{"line":146,"column":4},"end":{"line":146,"column":62}},"44":{"start":{"line":151,"column":0},"end":{"line":159,"column":5}},"45":{"start":{"line":152,"column":23},"end":{"line":152,"column":44}},"46":{"start":{"line":153,"column":20},"end":{"line":153,"column":58}},"47":{"start":{"line":154,"column":4},"end":{"line":158,"column":7}},"48":{"start":{"line":162,"column":0},"end":{"line":162,"column":21}}},"fnMap":{"0":{"name":"(anonymous_0)","decl":{"start":{"line":126,"column":17},"end":{"line":126,"column":18}},"loc":{"start":{"line":126,"column":28},"end":{"line":136,"column":1}},"line":126},"1":{"name":"(anonymous_1)","decl":{"start":{"line":145,"column":17},"end":{"line":145,"column":18}},"loc":{"start":{"line":145,"column":31},"end":{"line":147,"column":1}},"line":145},"2":{"name":"(anonymous_2)","decl":{"start":{"line":151,"column":8},"end":{"line":151,"column":9}},"loc":{"start":{"line":151,"column":33},"end":{"line":159,"column":3}},"line":151}},"branchMap":{"0":{"loc":{"start":{"line":142,"column":0},"end":{"line":144,"column":1}},"type":"if","locations":[{"start":{"line":142,"column":0},"end":{"line":144,"column":1}},{"start":{},"end":{}}],"line":142},"1":{"loc":{"start":{"line":152,"column":23},"end":{"line":152,"column":44}},"type":"binary-expr","locations":[{"start":{"line":152,"column":23},"end":{"line":152,"column":37}},{"start":{"line":152,"column":41},"end":{"line":152,"column":44}}],"line":152},"2":{"loc":{"start":{"line":153,"column":20},"end":{"line":153,"column":58}},"type":"binary-expr","locations":[{"start":{"line":153,"column":20},"end":{"line":153,"column":31}},{"start":{"line":153,"column":35},"end":{"line":153,"column":58}}],"line":153}},"s":{"0":5,"1":5,"2":5,"3":5,"4":5,"5":5,"6":5,"7":5,"8":5,"9":5,"10":5,"11":5,"12":5,"13":5,"14":5,"15":5,"16":5,"17":5,"18":5,"19":5,"20":5,"21":5,"22":5,"23":5,"24":5,"25":5,"26":5,"27":5,"28":5,"29":5,"30":5,"31":5,"32":5,"33":5,"34":5,"35":5,"36":5,"37":0,"38":5,"39":5,"40":5,"41":5,"42":5,"43":5,"44":5,"45":0,"46":0,"47":0,"48":5},"f":{"0":0,"1":5,"2":0},"b":{"0":[5,0],"1":[0,0],"2":[0,0]},"_coverageSchema":"1a1c01bbd47fc00a2c39e90264f33305004495a9","hash":"a11b1760f552f9695a9f685c253684655e116300"}
,"C:\\Users\\chars\\Desktop\\Study Stuff\\FDFDE\\FDFED_2\\Backend\\controllers\\AdminController.js": {"path":"C:\\Users\\chars\\Desktop\\Study Stuff\\FDFDE\\FDFED_2\\Backend\\controllers\\AdminController.js","statementMap":{"0":{"start":{"line":1,"column":21},"end":{"line":1,"column":52}},"1":{"start":{"line":3,"column":20},"end":{"line":3,"column":50}},"2":{"start":{"line":5,"column":21},"end":{"line":5,"column":52}},"3":{"start":{"line":7,"column":18},"end":{"line":7,"column":46}},"4":{"start":{"line":9,"column":22},"end":{"line":9,"column":54}},"5":{"start":{"line":11,"column":22},"end":{"line":11,"column":54}},"6":{"start":{"line":12,"column":13},"end":{"line":12,"column":35}},"7":{"start":{"line":53,"column":0},"end":{"line":65,"column":2}},"8":{"start":{"line":54,"column":2},"end":{"line":64,"column":3}},"9":{"start":{"line":55,"column":18},"end":{"line":55,"column":45}},"10":{"start":{"line":57,"column":4},"end":{"line":59,"column":63}},"11":{"start":{"line":61,"column":4},"end":{"line":63,"column":65}},"12":{"start":{"line":67,"column":0},"end":{"line":90,"column":1}},"13":{"start":{"line":69,"column":2},"end":{"line":88,"column":3}},"14":{"start":{"line":70,"column":24},"end":{"line":70,"column":58}},"15":{"start":{"line":71,"column":25},"end":{"line":71,"column":60}},"16":{"start":{"line":72,"column":26},"end":{"line":72,"column":62}},"17":{"start":{"line":73,"column":22},"end":{"line":73,"column":54}},"18":{"start":{"line":75,"column":4},"end":{"line":81,"column":7}},"19":{"start":{"line":83,"column":4},"end":{"line":83,"column":52}},"20":{"start":{"line":84,"column":4},"end":{"line":87,"column":7}},"21":{"start":{"line":92,"column":0},"end":{"line":101,"column":2}},"22":{"start":{"line":93,"column":19},"end":{"line":93,"column":27}},"23":{"start":{"line":94,"column":2},"end":{"line":100,"column":3}},"24":{"start":{"line":95,"column":26},"end":{"line":95,"column":62}},"25":{"start":{"line":96,"column":6},"end":{"line":96,"column":118}},"26":{"start":{"line":98,"column":6},"end":{"line":98,"column":55}},"27":{"start":{"line":99,"column":6},"end":{"line":99,"column":90}},"28":{"start":{"line":103,"column":0},"end":{"line":127,"column":1}},"29":{"start":{"line":104,"column":2},"end":{"line":124,"column":3}},"30":{"start":{"line":105,"column":22},"end":{"line":117,"column":8}},"31":{"start":{"line":120,"column":4},"end":{"line":120,"column":110}},"32":{"start":{"line":122,"column":4},"end":{"line":122,"column":54}},"33":{"start":{"line":123,"column":4},"end":{"line":123,"column":89}},"34":{"start":{"line":129,"column":0},"end":{"line":153,"column":2}},"35":{"start":{"line":130,"column":2},"end":{"line":152,"column":3}},"36":{"start":{"line":131,"column":52},"end":{"line":131,"column":60}},"37":{"start":{"line":133,"column":4},"end":{"line":137,"column":5}},"38":{"start":{"line":134,"column":6},"end":{"line":136,"column":75}},"39":{"start":{"line":138,"column":20},"end":{"line":143,"column":13}},"40":{"start":{"line":145,"column":4},"end":{"line":147,"column":79}},"41":{"start":{"line":149,"column":4},"end":{"line":151,"column":71}},"42":{"start":{"line":155,"column":0},"end":{"line":163,"column":2}},"43":{"start":{"line":156,"column":2},"end":{"line":162,"column":3}},"44":{"start":{"line":157,"column":23},"end":{"line":157,"column":51}},"45":{"start":{"line":158,"column":4},"end":{"line":158,"column":90}},"46":{"start":{"line":160,"column":4},"end":{"line":160,"column":61}},"47":{"start":{"line":161,"column":4},"end":{"line":161,"column":96}},"48":{"start":{"line":165,"column":0},"end":{"line":180,"column":2}},"49":{"start":{"line":166,"column":21},"end":{"line":166,"column":34}},"50":{"start":{"line":167,"column":2},"end":{"line":179,"column":3}},"51":{"start":{"line":169,"column":4},"end":{"line":169,"column":28}},"52":{"start":{"line":170,"column":28},"end":{"line":170,"column":77}},"53":{"start":{"line":175,"column":4},"end":{"line":175,"column":93}},"54":{"start":{"line":178,"column":4},"end":{"line":178,"column":88}},"55":{"start":{"line":182,"column":0},"end":{"line":196,"column":2}},"56":{"start":{"line":183,"column":2},"end":{"line":195,"column":3}},"57":{"start":{"line":184,"column":15},"end":{"line":184,"column":27}},"58":{"start":{"line":185,"column":16},"end":{"line":185,"column":27}},"59":{"start":{"line":186,"column":18},"end":{"line":186,"column":58}},"60":{"start":{"line":188,"column":4},"end":{"line":190,"column":71}},"61":{"start":{"line":192,"column":4},"end":{"line":194,"column":71}},"62":{"start":{"line":214,"column":0},"end":{"line":229,"column":2}},"63":{"start":{"line":215,"column":2},"end":{"line":228,"column":3}},"64":{"start":{"line":216,"column":15},"end":{"line":216,"column":28}},"65":{"start":{"line":217,"column":16},"end":{"line":217,"column":27}},"66":{"start":{"line":219,"column":19},"end":{"line":219,"column":59}},"67":{"start":{"line":221,"column":4},"end":{"line":223,"column":79}},"68":{"start":{"line":225,"column":4},"end":{"line":227,"column":77}},"69":{"start":{"line":231,"column":0},"end":{"line":261,"column":2}},"70":{"start":{"line":232,"column":20},"end":{"line":232,"column":29}},"71":{"start":{"line":234,"column":2},"end":{"line":260,"column":3}},"72":{"start":{"line":237,"column":4},"end":{"line":247,"column":5}},"73":{"start":{"line":238,"column":6},"end":{"line":244,"column":9}},"74":{"start":{"line":246,"column":6},"end":{"line":246,"column":43}},"75":{"start":{"line":249,"column":4},"end":{"line":251,"column":78}},"76":{"start":{"line":253,"column":4},"end":{"line":253,"column":51}},"77":{"start":{"line":254,"column":4},"end":{"line":259,"column":9}},"78":{"start":{"line":263,"column":0},"end":{"line":290,"column":2}},"79":{"start":{"line":264,"column":20},"end":{"line":264,"column":29}},"80":{"start":{"line":266,"column":2},"end":{"line":289,"column":3}},"81":{"start":{"line":269,"column":4},"end":{"line":279,"column":5}},"82":{"start":{"line":270,"column":6},"end":{"line":276,"column":9}},"83":{"start":{"line":278,"column":6},"end":{"line":278,"column":40}},"84":{"start":{"line":281,"column":4},"end":{"line":283,"column":72}},"85":{"start":{"line":285,"column":4},"end":{"line":285,"column":51}},"86":{"start":{"line":286,"column":4},"end":{"line":288,"column":78}},"87":{"start":{"line":292,"column":0},"end":{"line":383,"column":2}},"88":{"start":{"line":293,"column":2},"end":{"line":382,"column":3}},"89":{"start":{"line":314,"column":24},"end":{"line":314,"column":40}},"90":{"start":{"line":315,"column":4},"end":{"line":362,"column":5}},"91":{"start":{"line":320,"column":6},"end":{"line":355,"column":7}},"92":{"start":{"line":322,"column":8},"end":{"line":322,"column":40}},"93":{"start":{"line":337,"column":26},"end":{"line":337,"column":52}},"94":{"start":{"line":342,"column":10},"end":{"line":346,"column":13}},"95":{"start":{"line":350,"column":8},"end":{"line":354,"column":11}},"96":{"start":{"line":379,"column":4},"end":{"line":381,"column":67}}},"fnMap":{"0":{"name":"(anonymous_0)","decl":{"start":{"line":53,"column":22},"end":{"line":53,"column":23}},"loc":{"start":{"line":53,"column":42},"end":{"line":65,"column":1}},"line":53},"1":{"name":"(anonymous_1)","decl":{"start":{"line":67,"column":21},"end":{"line":67,"column":22}},"loc":{"start":{"line":67,"column":40},"end":{"line":90,"column":1}},"line":67},"2":{"name":"(anonymous_2)","decl":{"start":{"line":92,"column":25},"end":{"line":92,"column":26}},"loc":{"start":{"line":92,"column":45},"end":{"line":101,"column":1}},"line":92},"3":{"name":"(anonymous_3)","decl":{"start":{"line":103,"column":23},"end":{"line":103,"column":24}},"loc":{"start":{"line":103,"column":42},"end":{"line":127,"column":1}},"line":103},"4":{"name":"(anonymous_4)","decl":{"start":{"line":129,"column":22},"end":{"line":129,"column":23}},"loc":{"start":{"line":129,"column":42},"end":{"line":153,"column":1}},"line":129},"5":{"name":"(anonymous_5)","decl":{"start":{"line":155,"column":27},"end":{"line":155,"column":28}},"loc":{"start":{"line":155,"column":47},"end":{"line":163,"column":1}},"line":155},"6":{"name":"(anonymous_6)","decl":{"start":{"line":165,"column":25},"end":{"line":165,"column":26}},"loc":{"start":{"line":165,"column":45},"end":{"line":180,"column":1}},"line":165},"7":{"name":"(anonymous_7)","decl":{"start":{"line":182,"column":27},"end":{"line":182,"column":28}},"loc":{"start":{"line":182,"column":47},"end":{"line":196,"column":1}},"line":182},"8":{"name":"(anonymous_8)","decl":{"start":{"line":214,"column":24},"end":{"line":214,"column":25}},"loc":{"start":{"line":214,"column":44},"end":{"line":229,"column":1}},"line":214},"9":{"name":"(anonymous_9)","decl":{"start":{"line":231,"column":25},"end":{"line":231,"column":26}},"loc":{"start":{"line":231,"column":45},"end":{"line":261,"column":1}},"line":231},"10":{"name":"(anonymous_10)","decl":{"start":{"line":263,"column":22},"end":{"line":263,"column":23}},"loc":{"start":{"line":263,"column":42},"end":{"line":290,"column":1}},"line":263},"11":{"name":"(anonymous_11)","decl":{"start":{"line":292,"column":24},"end":{"line":292,"column":25}},"loc":{"start":{"line":292,"column":44},"end":{"line":383,"column":1}},"line":292}},"branchMap":{"0":{"loc":{"start":{"line":133,"column":4},"end":{"line":137,"column":5}},"type":"if","locations":[{"start":{"line":133,"column":4},"end":{"line":137,"column":5}},{"start":{},"end":{}}],"line":133},"1":{"loc":{"start":{"line":133,"column":8},"end":{"line":133,"column":66}},"type":"binary-expr","locations":[{"start":{"line":133,"column":8},"end":{"line":133,"column":18}},{"start":{"line":133,"column":22},"end":{"line":133,"column":31}},{"start":{"line":133,"column":35},"end":{"line":133,"column":41}},{"start":{"line":133,"column":45},"end":{"line":133,"column":54}},{"start":{"line":133,"column":58},"end":{"line":133,"column":66}}],"line":133},"2":{"loc":{"start":{"line":237,"column":4},"end":{"line":247,"column":5}},"type":"if","locations":[{"start":{"line":237,"column":4},"end":{"line":247,"column":5}},{"start":{"line":245,"column":11},"end":{"line":247,"column":5}}],"line":237},"3":{"loc":{"start":{"line":269,"column":4},"end":{"line":279,"column":5}},"type":"if","locations":[{"start":{"line":269,"column":4},"end":{"line":279,"column":5}},{"start":{"line":277,"column":11},"end":{"line":279,"column":5}}],"line":269},"4":{"loc":{"start":{"line":315,"column":4},"end":{"line":362,"column":5}},"type":"if","locations":[{"start":{"line":315,"column":4},"end":{"line":362,"column":5}},{"start":{},"end":{}}],"line":315}},"s":{"0":5,"1":5,"2":5,"3":5,"4":5,"5":5,"6":5,"7":5,"8":0,"9":0,"10":0,"11":0,"12":5,"13":0,"14":0,"15":0,"16":0,"17":0,"18":0,"19":0,"20":0,"21":5,"22":0,"23":0,"24":0,"25":0,"26":0,"27":0,"28":5,"29":0,"30":0,"31":0,"32":0,"33":0,"34":5,"35":0,"36":0,"37":0,"38":0,"39":0,"40":0,"41":0,"42":5,"43":0,"44":0,"45":0,"46":0,"47":0,"48":5,"49":0,"50":0,"51":0,"52":0,"53":0,"54":0,"55":5,"56":0,"57":0,"58":0,"59":0,"60":0,"61":0,"62":5,"63":0,"64":0,"65":0,"66":0,"67":0,"68":0,"69":5,"70":0,"71":0,"72":0,"73":0,"74":0,"75":0,"76":0,"77":0,"78":5,"79":0,"80":0,"81":0,"82":0,"83":0,"84":0,"85":0,"86":0,"87":5,"88":0,"89":0,"90":0,"91":0,"92":0,"93":0,"94":0,"95":0,"96":0},"f":{"0":0,"1":0,"2":0,"3":0,"4":0,"5":0,"6":0,"7":0,"8":0,"9":0,"10":0,"11":0},"b":{"0":[0,0],"1":[0,0,0,0,0],"2":[0,0],"3":[0,0],"4":[0,0]},"_coverageSchema":"1a1c01bbd47fc00a2c39e90264f33305004495a9","hash":"d8163d91e5e9d42629d5727f0817ab46957440d7"}
,"C:\\Users\\chars\\Desktop\\Study Stuff\\FDFDE\\FDFED_2\\Backend\\controllers\\AuthController.js": {"path":"C:\\Users\\chars\\Desktop\\Study Stuff\\FDFDE\\FDFED_2\\Backend\\controllers\\AuthController.js","statementMap":{"0":{"start":{"line":1,"column":19},"end":{"line":1,"column":47}},"1":{"start":{"line":2,"column":22},"end":{"line":2,"column":53}},"2":{"start":{"line":3,"column":20},"end":{"line":3,"column":49}},"3":{"start":{"line":4,"column":42},"end":{"line":4,"column":76}},"4":{"start":{"line":5,"column":15},"end":{"line":5,"column":32}},"5":{"start":{"line":6,"column":12},"end":{"line":6,"column":35}},"6":{"start":{"line":7,"column":19},"end":{"line":7,"column":40}},"7":{"start":{"line":15,"column":0},"end":{"line":66,"column":2}},"8":{"start":{"line":16,"column":2},"end":{"line":65,"column":3}},"9":{"start":{"line":18,"column":54},"end":{"line":18,"column":62}},"10":{"start":{"line":19,"column":4},"end":{"line":19,"column":34}},"11":{"start":{"line":21,"column":6},"end":{"line":25,"column":7}},"12":{"start":{"line":22,"column":8},"end":{"line":24,"column":77}},"13":{"start":{"line":27,"column":27},"end":{"line":27,"column":69}},"14":{"start":{"line":28,"column":6},"end":{"line":28,"column":30}},"15":{"start":{"line":29,"column":6},"end":{"line":33,"column":7}},"16":{"start":{"line":30,"column":8},"end":{"line":32,"column":80}},"17":{"start":{"line":34,"column":6},"end":{"line":34,"column":27}},"18":{"start":{"line":36,"column":30},"end":{"line":36,"column":74}},"19":{"start":{"line":37,"column":6},"end":{"line":41,"column":7}},"20":{"start":{"line":38,"column":8},"end":{"line":40,"column":80}},"21":{"start":{"line":43,"column":6},"end":{"line":43,"column":28}},"22":{"start":{"line":45,"column":29},"end":{"line":45,"column":57}},"23":{"start":{"line":46,"column":19},"end":{"line":52,"column":8}},"24":{"start":{"line":53,"column":6},"end":{"line":53,"column":24}},"25":{"start":{"line":54,"column":6},"end":{"line":54,"column":27}},"26":{"start":{"line":55,"column":6},"end":{"line":57,"column":80}},"27":{"start":{"line":61,"column":4},"end":{"line":61,"column":22}},"28":{"start":{"line":62,"column":4},"end":{"line":64,"column":68}},"29":{"start":{"line":68,"column":0},"end":{"line":201,"column":2}},"30":{"start":{"line":69,"column":2},"end":{"line":200,"column":3}},"31":{"start":{"line":70,"column":32},"end":{"line":70,"column":40}},"32":{"start":{"line":71,"column":4},"end":{"line":71,"column":22}},"33":{"start":{"line":72,"column":17},"end":{"line":88,"column":7}},"34":{"start":{"line":89,"column":6},"end":{"line":89,"column":24}},"35":{"start":{"line":91,"column":6},"end":{"line":115,"column":7}},"36":{"start":{"line":92,"column":22},"end":{"line":92,"column":68}},"37":{"start":{"line":93,"column":8},"end":{"line":97,"column":9}},"38":{"start":{"line":94,"column":10},"end":{"line":96,"column":76}},"39":{"start":{"line":99,"column":22},"end":{"line":105,"column":9}},"40":{"start":{"line":107,"column":8},"end":{"line":114,"column":13}},"41":{"start":{"line":118,"column":6},"end":{"line":118,"column":28}},"42":{"start":{"line":120,"column":6},"end":{"line":120,"column":52}},"43":{"start":{"line":121,"column":6},"end":{"line":164,"column":7}},"44":{"start":{"line":122,"column":8},"end":{"line":122,"column":51}},"45":{"start":{"line":123,"column":8},"end":{"line":127,"column":9}},"46":{"start":{"line":124,"column":10},"end":{"line":126,"column":69}},"47":{"start":{"line":129,"column":22},"end":{"line":129,"column":68}},"48":{"start":{"line":136,"column":6},"end":{"line":136,"column":30}},"49":{"start":{"line":137,"column":6},"end":{"line":137,"column":31}},"50":{"start":{"line":138,"column":6},"end":{"line":138,"column":26}},"51":{"start":{"line":140,"column":6},"end":{"line":140,"column":24}},"52":{"start":{"line":142,"column":20},"end":{"line":148,"column":7}},"53":{"start":{"line":149,"column":8},"end":{"line":149,"column":147}},"54":{"start":{"line":150,"column":6},"end":{"line":150,"column":26}},"55":{"start":{"line":151,"column":6},"end":{"line":151,"column":24}},"56":{"start":{"line":153,"column":6},"end":{"line":160,"column":11}},"57":{"start":{"line":166,"column":6},"end":{"line":168,"column":7}},"58":{"start":{"line":167,"column":8},"end":{"line":167,"column":110}},"59":{"start":{"line":170,"column":20},"end":{"line":170,"column":66}},"60":{"start":{"line":172,"column":6},"end":{"line":176,"column":7}},"61":{"start":{"line":173,"column":8},"end":{"line":175,"column":74}},"62":{"start":{"line":177,"column":6},"end":{"line":177,"column":27}},"63":{"start":{"line":178,"column":20},"end":{"line":184,"column":7}},"64":{"start":{"line":185,"column":6},"end":{"line":185,"column":28}},"65":{"start":{"line":186,"column":6},"end":{"line":193,"column":11}},"66":{"start":{"line":196,"column":4},"end":{"line":196,"column":22}},"67":{"start":{"line":197,"column":4},"end":{"line":199,"column":62}},"68":{"start":{"line":203,"column":0},"end":{"line":239,"column":2}},"69":{"start":{"line":204,"column":2},"end":{"line":238,"column":3}},"70":{"start":{"line":205,"column":22},"end":{"line":205,"column":30}},"71":{"start":{"line":206,"column":4},"end":{"line":206,"column":26}},"72":{"start":{"line":207,"column":17},"end":{"line":207,"column":59}},"73":{"start":{"line":208,"column":4},"end":{"line":233,"column":5}},"74":{"start":{"line":209,"column":22},"end":{"line":209,"column":67}},"75":{"start":{"line":210,"column":6},"end":{"line":217,"column":7}},"76":{"start":{"line":211,"column":8},"end":{"line":216,"column":13}},"77":{"start":{"line":218,"column":20},"end":{"line":224,"column":7}},"78":{"start":{"line":225,"column":6},"end":{"line":232,"column":11}},"79":{"start":{"line":235,"column":4},"end":{"line":235,"column":11}},"80":{"start":{"line":237,"column":4},"end":{"line":237,"column":87}},"81":{"start":{"line":288,"column":0},"end":{"line":336,"column":1}},"82":{"start":{"line":289,"column":2},"end":{"line":335,"column":3}},"83":{"start":{"line":290,"column":4},"end":{"line":290,"column":33}},"84":{"start":{"line":291,"column":32},"end":{"line":291,"column":40}},"85":{"start":{"line":293,"column":15},"end":{"line":293,"column":50}},"86":{"start":{"line":294,"column":4},"end":{"line":313,"column":5}},"87":{"start":{"line":295,"column":20},"end":{"line":295,"column":58}},"88":{"start":{"line":296,"column":6},"end":{"line":301,"column":7}},"89":{"start":{"line":297,"column":8},"end":{"line":300,"column":11}},"90":{"start":{"line":302,"column":29},"end":{"line":302,"column":57}},"91":{"start":{"line":303,"column":6},"end":{"line":307,"column":8}},"92":{"start":{"line":308,"column":6},"end":{"line":312,"column":9}},"93":{"start":{"line":315,"column":4},"end":{"line":315,"column":25}},"94":{"start":{"line":316,"column":27},"end":{"line":316,"column":55}},"95":{"start":{"line":317,"column":4},"end":{"line":321,"column":6}},"96":{"start":{"line":324,"column":6},"end":{"line":324,"column":28}},"97":{"start":{"line":325,"column":4},"end":{"line":329,"column":7}},"98":{"start":{"line":331,"column":4},"end":{"line":334,"column":7}},"99":{"start":{"line":338,"column":0},"end":{"line":391,"column":2}},"100":{"start":{"line":339,"column":2},"end":{"line":390,"column":3}},"101":{"start":{"line":340,"column":20},"end":{"line":340,"column":28}},"102":{"start":{"line":342,"column":4},"end":{"line":385,"column":5}},"103":{"start":{"line":343,"column":19},"end":{"line":343,"column":58}},"104":{"start":{"line":344,"column":6},"end":{"line":348,"column":7}},"105":{"start":{"line":345,"column":8},"end":{"line":347,"column":63}},"106":{"start":{"line":349,"column":6},"end":{"line":353,"column":7}},"107":{"start":{"line":350,"column":8},"end":{"line":352,"column":9}},"108":{"start":{"line":351,"column":10},"end":{"line":351,"column":39}},"109":{"start":{"line":354,"column":26},"end":{"line":354,"column":43}},"110":{"start":{"line":355,"column":6},"end":{"line":361,"column":11}},"111":{"start":{"line":363,"column":22},"end":{"line":363,"column":64}},"112":{"start":{"line":364,"column":6},"end":{"line":368,"column":7}},"113":{"start":{"line":365,"column":8},"end":{"line":367,"column":66}},"114":{"start":{"line":369,"column":6},"end":{"line":376,"column":7}},"115":{"start":{"line":370,"column":8},"end":{"line":375,"column":9}},"116":{"start":{"line":374,"column":10},"end":{"line":374,"column":42}},"117":{"start":{"line":377,"column":26},"end":{"line":377,"column":46}},"118":{"start":{"line":378,"column":6},"end":{"line":384,"column":11}},"119":{"start":{"line":387,"column":4},"end":{"line":389,"column":77}}},"fnMap":{"0":{"name":"(anonymous_0)","decl":{"start":{"line":15,"column":29},"end":{"line":15,"column":30}},"loc":{"start":{"line":15,"column":49},"end":{"line":66,"column":1}},"line":15},"1":{"name":"(anonymous_1)","decl":{"start":{"line":68,"column":26},"end":{"line":68,"column":27}},"loc":{"start":{"line":68,"column":46},"end":{"line":201,"column":1}},"line":68},"2":{"name":"(anonymous_2)","decl":{"start":{"line":203,"column":27},"end":{"line":203,"column":28}},"loc":{"start":{"line":203,"column":47},"end":{"line":239,"column":1}},"line":203},"3":{"name":"(anonymous_3)","decl":{"start":{"line":288,"column":25},"end":{"line":288,"column":26}},"loc":{"start":{"line":288,"column":45},"end":{"line":336,"column":1}},"line":288},"4":{"name":"(anonymous_4)","decl":{"start":{"line":338,"column":24},"end":{"line":338,"column":25}},"loc":{"start":{"line":338,"column":44},"end":{"line":391,"column":1}},"line":338}},"branchMap":{"0":{"loc":{"start":{"line":21,"column":6},"end":{"line":25,"column":7}},"type":"if","locations":[{"start":{"line":21,"column":6},"end":{"line":25,"column":7}},{"start":{},"end":{}}],"line":21},"1":{"loc":{"start":{"line":21,"column":10},"end":{"line":21,"column":56}},"type":"binary-expr","locations":[{"start":{"line":21,"column":10},"end":{"line":21,"column":20}},{"start":{"line":21,"column":24},"end":{"line":21,"column":33}},{"start":{"line":21,"column":37},"end":{"line":21,"column":43}},{"start":{"line":21,"column":47},"end":{"line":21,"column":56}}],"line":21},"2":{"loc":{"start":{"line":29,"column":6},"end":{"line":33,"column":7}},"type":"if","locations":[{"start":{"line":29,"column":6},"end":{"line":33,"column":7}},{"start":{},"end":{}}],"line":29},"3":{"loc":{"start":{"line":37,"column":6},"end":{"line":41,"column":7}},"type":"if","locations":[{"start":{"line":37,"column":6},"end":{"line":41,"column":7}},{"start":{},"end":{}}],"line":37},"4":{"loc":{"start":{"line":91,"column":6},"end":{"line":115,"column":7}},"type":"if","locations":[{"start":{"line":91,"column":6},"end":{"line":115,"column":7}},{"start":{},"end":{}}],"line":91},"5":{"loc":{"start":{"line":93,"column":8},"end":{"line":97,"column":9}},"type":"if","locations":[{"start":{"line":93,"column":8},"end":{"line":97,"column":9}},{"start":{},"end":{}}],"line":93},"6":{"loc":{"start":{"line":121,"column":6},"end":{"line":164,"column":7}},"type":"if","locations":[{"start":{"line":121,"column":6},"end":{"line":164,"column":7}},{"start":{},"end":{}}],"line":121},"7":{"loc":{"start":{"line":123,"column":8},"end":{"line":127,"column":9}},"type":"if","locations":[{"start":{"line":123,"column":8},"end":{"line":127,"column":9}},{"start":{},"end":{}}],"line":123},"8":{"loc":{"start":{"line":166,"column":6},"end":{"line":168,"column":7}},"type":"if","locations":[{"start":{"line":166,"column":6},"end":{"line":168,"column":7}},{"start":{},"end":{}}],"line":166},"9":{"loc":{"start":{"line":172,"column":6},"end":{"line":176,"column":7}},"type":"if","locations":[{"start":{"line":172,"column":6},"end":{"line":176,"column":7}},{"start":{},"end":{}}],"line":172},"10":{"loc":{"start":{"line":208,"column":4},"end":{"line":233,"column":5}},"type":"if","locations":[{"start":{"line":208,"column":4},"end":{"line":233,"column":5}},{"start":{},"end":{}}],"line":208},"11":{"loc":{"start":{"line":210,"column":6},"end":{"line":217,"column":7}},"type":"if","locations":[{"start":{"line":210,"column":6},"end":{"line":217,"column":7}},{"start":{},"end":{}}],"line":210},"12":{"loc":{"start":{"line":294,"column":4},"end":{"line":313,"column":5}},"type":"if","locations":[{"start":{"line":294,"column":4},"end":{"line":313,"column":5}},{"start":{},"end":{}}],"line":294},"13":{"loc":{"start":{"line":296,"column":6},"end":{"line":301,"column":7}},"type":"if","locations":[{"start":{"line":296,"column":6},"end":{"line":301,"column":7}},{"start":{},"end":{}}],"line":296},"14":{"loc":{"start":{"line":342,"column":4},"end":{"line":385,"column":5}},"type":"if","locations":[{"start":{"line":342,"column":4},"end":{"line":385,"column":5}},{"start":{"line":362,"column":11},"end":{"line":385,"column":5}}],"line":342},"15":{"loc":{"start":{"line":344,"column":6},"end":{"line":348,"column":7}},"type":"if","locations":[{"start":{"line":344,"column":6},"end":{"line":348,"column":7}},{"start":{},"end":{}}],"line":344},"16":{"loc":{"start":{"line":350,"column":8},"end":{"line":352,"column":9}},"type":"if","locations":[{"start":{"line":350,"column":8},"end":{"line":352,"column":9}},{"start":{},"end":{}}],"line":350},"17":{"loc":{"start":{"line":350,"column":12},"end":{"line":350,"column":75}},"type":"binary-expr","locations":[{"start":{"line":350,"column":12},"end":{"line":350,"column":41}},{"start":{"line":350,"column":45},"end":{"line":350,"column":75}}],"line":350},"18":{"loc":{"start":{"line":364,"column":6},"end":{"line":368,"column":7}},"type":"if","locations":[{"start":{"line":364,"column":6},"end":{"line":368,"column":7}},{"start":{},"end":{}}],"line":364},"19":{"loc":{"start":{"line":370,"column":8},"end":{"line":375,"column":9}},"type":"if","locations":[{"start":{"line":370,"column":8},"end":{"line":375,"column":9}},{"start":{},"end":{}}],"line":370},"20":{"loc":{"start":{"line":371,"column":10},"end":{"line":372,"column":43}},"type":"binary-expr","locations":[{"start":{"line":371,"column":10},"end":{"line":371,"column":39}},{"start":{"line":372,"column":10},"end":{"line":372,"column":43}}],"line":371}},"s":{"0":5,"1":5,"2":5,"3":5,"4":5,"5":5,"6":5,"7":5,"8":1,"9":1,"10":1,"11":1,"12":0,"13":1,"14":1,"15":1,"16":1,"17":0,"18":0,"19":0,"20":0,"21":0,"22":0,"23":0,"24":0,"25":0,"26":0,"27":0,"28":0,"29":5,"30":4,"31":4,"32":4,"33":4,"34":4,"35":4,"36":3,"37":3,"38":1,"39":2,"40":2,"41":1,"42":1,"43":1,"44":1,"45":1,"46":1,"47":0,"48":0,"49":0,"50":0,"51":0,"52":0,"53":0,"54":0,"55":0,"56":0,"57":0,"58":0,"59":0,"60":0,"61":0,"62":0,"63":0,"64":0,"65":0,"66":0,"67":0,"68":5,"69":0,"70":0,"71":0,"72":0,"73":0,"74":0,"75":0,"76":0,"77":0,"78":0,"79":0,"80":0,"81":5,"82":0,"83":0,"84":0,"85":0,"86":0,"87":0,"88":0,"89":0,"90":0,"91":0,"92":0,"93":0,"94":0,"95":0,"96":0,"97":0,"98":0,"99":5,"100":0,"101":0,"102":0,"103":0,"104":0,"105":0,"106":0,"107":0,"108":0,"109":0,"110":0,"111":0,"112":0,"113":0,"114":0,"115":0,"116":0,"117":0,"118":0,"119":0},"f":{"0":1,"1":4,"2":0,"3":0,"4":0},"b":{"0":[0,1],"1":[1,1,1,1],"2":[1,0],"3":[0,0],"4":[3,1],"5":[1,2],"6":[1,0],"7":[1,0],"8":[0,0],"9":[0,0],"10":[0,0],"11":[0,0],"12":[0,0],"13":[0,0],"14":[0,0],"15":[0,0],"16":[0,0],"17":[0,0],"18":[0,0],"19":[0,0],"20":[0,0]},"_coverageSchema":"1a1c01bbd47fc00a2c39e90264f33305004495a9","hash":"fb68a059d16919299e2eb70be4f058e949accb56"}
,"C:\\Users\\chars\\Desktop\\Study Stuff\\FDFDE\\FDFED_2\\Backend\\controllers\\CoursesController.js": {"path":"C:\\Users\\chars\\Desktop\\Study Stuff\\FDFDE\\FDFED_2\\Backend\\controllers\\CoursesController.js","statementMap":{"0":{"start":{"line":1,"column":22},"end":{"line":1,"column":53}},"1":{"start":{"line":2,"column":22},"end":{"line":2,"column":52}},"2":{"start":{"line":3,"column":23},"end":{"line":3,"column":55}},"3":{"start":{"line":4,"column":22},"end":{"line":4,"column":54}},"4":{"start":{"line":5,"column":20},"end":{"line":5,"column":50}},"5":{"start":{"line":6,"column":22},"end":{"line":6,"column":53}},"6":{"start":{"line":7,"column":21},"end":{"line":7,"column":51}},"7":{"start":{"line":8,"column":19},"end":{"line":8,"column":43}},"8":{"start":{"line":9,"column":15},"end":{"line":9,"column":32}},"9":{"start":{"line":10,"column":19},"end":{"line":10,"column":41}},"10":{"start":{"line":11,"column":18},"end":{"line":11,"column":37}},"11":{"start":{"line":12,"column":24},"end":{"line":12,"column":55}},"12":{"start":{"line":14,"column":0},"end":{"line":18,"column":5}},"13":{"start":{"line":20,"column":20},"end":{"line":20,"column":50}},"14":{"start":{"line":25,"column":0},"end":{"line":57,"column":1}},"15":{"start":{"line":28,"column":20},"end":{"line":28,"column":57}},"16":{"start":{"line":30,"column":20},"end":{"line":32,"column":41}},"17":{"start":{"line":34,"column":4},"end":{"line":34,"column":37}},"18":{"start":{"line":59,"column":0},"end":{"line":84,"column":1}},"19":{"start":{"line":60,"column":21},"end":{"line":60,"column":31}},"20":{"start":{"line":62,"column":2},"end":{"line":82,"column":3}},"21":{"start":{"line":64,"column":4},"end":{"line":78,"column":3}},"22":{"start":{"line":65,"column":6},"end":{"line":65,"column":25}},"23":{"start":{"line":65,"column":15},"end":{"line":65,"column":25}},"24":{"start":{"line":67,"column":2},"end":{"line":78,"column":1}},"25":{"start":{"line":68,"column":4},"end":{"line":68,"column":44}},"26":{"start":{"line":70,"column":19},"end":{"line":71,"column":46}},"27":{"start":{"line":72,"column":4},"end":{"line":74,"column":5}},"28":{"start":{"line":73,"column":6},"end":{"line":73,"column":81}},"29":{"start":{"line":75,"column":4},"end":{"line":75,"column":127}},"30":{"start":{"line":76,"column":4},"end":{"line":76,"column":97}},"31":{"start":{"line":80,"column":4},"end":{"line":80,"column":19}},"32":{"start":{"line":81,"column":4},"end":{"line":81,"column":90}},"33":{"start":{"line":86,"column":0},"end":{"line":108,"column":1}},"34":{"start":{"line":87,"column":21},"end":{"line":87,"column":31}},"35":{"start":{"line":88,"column":4},"end":{"line":107,"column":5}},"36":{"start":{"line":91,"column":23},"end":{"line":93,"column":10}},"37":{"start":{"line":96,"column":8},"end":{"line":96,"column":28}},"38":{"start":{"line":98,"column":8},"end":{"line":100,"column":9}},"39":{"start":{"line":99,"column":12},"end":{"line":99,"column":87}},"40":{"start":{"line":101,"column":8},"end":{"line":101,"column":101}},"41":{"start":{"line":105,"column":8},"end":{"line":105,"column":27}},"42":{"start":{"line":106,"column":8},"end":{"line":106,"column":94}},"43":{"start":{"line":110,"column":0},"end":{"line":125,"column":1}},"44":{"start":{"line":111,"column":2},"end":{"line":124,"column":3}},"45":{"start":{"line":112,"column":40},"end":{"line":112,"column":48}},"46":{"start":{"line":113,"column":19},"end":{"line":113,"column":57}},"47":{"start":{"line":114,"column":4},"end":{"line":116,"column":5}},"48":{"start":{"line":115,"column":6},"end":{"line":115,"column":81}},"49":{"start":{"line":118,"column":23},"end":{"line":118,"column":78}},"50":{"start":{"line":119,"column":4},"end":{"line":119,"column":88}},"51":{"start":{"line":122,"column":4},"end":{"line":122,"column":23}},"52":{"start":{"line":123,"column":4},"end":{"line":123,"column":89}},"53":{"start":{"line":127,"column":0},"end":{"line":140,"column":1}},"54":{"start":{"line":129,"column":2},"end":{"line":139,"column":3}},"55":{"start":{"line":130,"column":23},"end":{"line":130,"column":31}},"56":{"start":{"line":131,"column":21},"end":{"line":134,"column":4}},"57":{"start":{"line":135,"column":4},"end":{"line":135,"column":101}},"58":{"start":{"line":137,"column":4},"end":{"line":137,"column":23}},"59":{"start":{"line":138,"column":4},"end":{"line":138,"column":92}},"60":{"start":{"line":142,"column":0},"end":{"line":180,"column":1}},"61":{"start":{"line":144,"column":20},"end":{"line":144,"column":31}},"62":{"start":{"line":145,"column":4},"end":{"line":178,"column":5}},"63":{"start":{"line":147,"column":6},"end":{"line":147,"column":33}},"64":{"start":{"line":148,"column":6},"end":{"line":148,"column":42}},"65":{"start":{"line":150,"column":66},"end":{"line":150,"column":74}},"66":{"start":{"line":153,"column":24},"end":{"line":153,"column":63}},"67":{"start":{"line":154,"column":8},"end":{"line":156,"column":9}},"68":{"start":{"line":155,"column":12},"end":{"line":155,"column":88}},"69":{"start":{"line":157,"column":8},"end":{"line":157,"column":53}},"70":{"start":{"line":159,"column":27},"end":{"line":159,"column":73}},"71":{"start":{"line":163,"column":23},"end":{"line":171,"column":10}},"72":{"start":{"line":173,"column":8},"end":{"line":173,"column":27}},"73":{"start":{"line":174,"column":8},"end":{"line":174,"column":101}},"74":{"start":{"line":176,"column":6},"end":{"line":176,"column":24}},"75":{"start":{"line":177,"column":8},"end":{"line":177,"column":94}},"76":{"start":{"line":183,"column":0},"end":{"line":200,"column":1}},"77":{"start":{"line":184,"column":4},"end":{"line":199,"column":5}},"78":{"start":{"line":185,"column":40},"end":{"line":185,"column":48}},"79":{"start":{"line":186,"column":8},"end":{"line":186,"column":30}},"80":{"start":{"line":187,"column":23},"end":{"line":187,"column":61}},"81":{"start":{"line":189,"column":8},"end":{"line":191,"column":9}},"82":{"start":{"line":190,"column":12},"end":{"line":190,"column":87}},"83":{"start":{"line":193,"column":24},"end":{"line":193,"column":83}},"84":{"start":{"line":194,"column":8},"end":{"line":194,"column":38}},"85":{"start":{"line":195,"column":8},"end":{"line":195,"column":28}},"86":{"start":{"line":196,"column":8},"end":{"line":196,"column":101}},"87":{"start":{"line":198,"column":8},"end":{"line":198,"column":93}},"88":{"start":{"line":202,"column":0},"end":{"line":216,"column":1}},"89":{"start":{"line":203,"column":2},"end":{"line":215,"column":3}},"90":{"start":{"line":204,"column":33},"end":{"line":204,"column":41}},"91":{"start":{"line":205,"column":20},"end":{"line":205,"column":59}},"92":{"start":{"line":206,"column":4},"end":{"line":208,"column":5}},"93":{"start":{"line":207,"column":6},"end":{"line":207,"column":82}},"94":{"start":{"line":209,"column":4},"end":{"line":209,"column":27}},"95":{"start":{"line":210,"column":4},"end":{"line":210,"column":25}},"96":{"start":{"line":211,"column":4},"end":{"line":211,"column":99}},"97":{"start":{"line":213,"column":4},"end":{"line":213,"column":18}},"98":{"start":{"line":214,"column":4},"end":{"line":214,"column":91}},"99":{"start":{"line":218,"column":0},"end":{"line":230,"column":1}},"100":{"start":{"line":219,"column":2},"end":{"line":229,"column":3}},"101":{"start":{"line":220,"column":24},"end":{"line":220,"column":32}},"102":{"start":{"line":221,"column":20},"end":{"line":221,"column":68}},"103":{"start":{"line":222,"column":4},"end":{"line":224,"column":5}},"104":{"start":{"line":223,"column":6},"end":{"line":223,"column":82}},"105":{"start":{"line":225,"column":4},"end":{"line":225,"column":90}},"106":{"start":{"line":227,"column":4},"end":{"line":227,"column":18}},"107":{"start":{"line":228,"column":4},"end":{"line":228,"column":91}},"108":{"start":{"line":234,"column":0},"end":{"line":257,"column":1}},"109":{"start":{"line":235,"column":4},"end":{"line":256,"column":5}},"110":{"start":{"line":236,"column":49},"end":{"line":236,"column":57}},"111":{"start":{"line":237,"column":21},"end":{"line":237,"column":32}},"112":{"start":{"line":238,"column":31},"end":{"line":241,"column":8}},"113":{"start":{"line":244,"column":8},"end":{"line":246,"column":9}},"114":{"start":{"line":245,"column":12},"end":{"line":245,"column":88}},"115":{"start":{"line":248,"column":8},"end":{"line":248,"column":33}},"116":{"start":{"line":250,"column":8},"end":{"line":250,"column":29}},"117":{"start":{"line":251,"column":8},"end":{"line":251,"column":28}},"118":{"start":{"line":252,"column":8},"end":{"line":252,"column":95}},"119":{"start":{"line":254,"column":8},"end":{"line":254,"column":26}},"120":{"start":{"line":255,"column":8},"end":{"line":255,"column":91}},"121":{"start":{"line":259,"column":0},"end":{"line":271,"column":1}},"122":{"start":{"line":260,"column":2},"end":{"line":270,"column":3}},"123":{"start":{"line":261,"column":22},"end":{"line":261,"column":30}},"124":{"start":{"line":262,"column":18},"end":{"line":262,"column":62}},"125":{"start":{"line":263,"column":4},"end":{"line":265,"column":5}},"126":{"start":{"line":264,"column":6},"end":{"line":264,"column":80}},"127":{"start":{"line":266,"column":4},"end":{"line":266,"column":88}},"128":{"start":{"line":268,"column":4},"end":{"line":268,"column":18}},"129":{"start":{"line":269,"column":4},"end":{"line":269,"column":89}},"130":{"start":{"line":273,"column":0},"end":{"line":289,"column":1}},"131":{"start":{"line":274,"column":2},"end":{"line":286,"column":3}},"132":{"start":{"line":275,"column":32},"end":{"line":275,"column":40}},"133":{"start":{"line":276,"column":18},"end":{"line":276,"column":54}},"134":{"start":{"line":277,"column":4},"end":{"line":279,"column":5}},"135":{"start":{"line":278,"column":6},"end":{"line":278,"column":80}},"136":{"start":{"line":280,"column":4},"end":{"line":280,"column":25}},"137":{"start":{"line":281,"column":4},"end":{"line":281,"column":23}},"138":{"start":{"line":282,"column":4},"end":{"line":282,"column":95}},"139":{"start":{"line":284,"column":4},"end":{"line":284,"column":18}},"140":{"start":{"line":285,"column":4},"end":{"line":285,"column":89}},"141":{"start":{"line":292,"column":0},"end":{"line":307,"column":1}},"142":{"start":{"line":293,"column":2},"end":{"line":305,"column":3}},"143":{"start":{"line":295,"column":15},"end":{"line":295,"column":28}},"144":{"start":{"line":296,"column":16},"end":{"line":296,"column":27}},"145":{"start":{"line":298,"column":19},"end":{"line":298,"column":52}},"146":{"start":{"line":300,"column":4},"end":{"line":300,"column":88}},"147":{"start":{"line":304,"column":6},"end":{"line":304,"column":90}},"148":{"start":{"line":309,"column":0},"end":{"line":336,"column":1}},"149":{"start":{"line":310,"column":17},"end":{"line":310,"column":28}},"150":{"start":{"line":312,"column":2},"end":{"line":335,"column":3}},"151":{"start":{"line":313,"column":33},"end":{"line":313,"column":41}},"152":{"start":{"line":315,"column":19},"end":{"line":315,"column":83}},"153":{"start":{"line":316,"column":4},"end":{"line":316,"column":31}},"154":{"start":{"line":317,"column":4},"end":{"line":317,"column":23}},"155":{"start":{"line":318,"column":4},"end":{"line":328,"column":5}},"156":{"start":{"line":319,"column":4},"end":{"line":323,"column":6}},"157":{"start":{"line":325,"column":6},"end":{"line":325,"column":23}},"158":{"start":{"line":326,"column":6},"end":{"line":326,"column":32}},"159":{"start":{"line":327,"column":6},"end":{"line":327,"column":25}},"160":{"start":{"line":330,"column":4},"end":{"line":330,"column":56}},"161":{"start":{"line":333,"column":4},"end":{"line":333,"column":18}},"162":{"start":{"line":334,"column":4},"end":{"line":334,"column":67}},"163":{"start":{"line":338,"column":0},"end":{"line":362,"column":1}},"164":{"start":{"line":339,"column":2},"end":{"line":360,"column":3}},"165":{"start":{"line":340,"column":19},"end":{"line":340,"column":32}},"166":{"start":{"line":341,"column":2},"end":{"line":341,"column":23}},"167":{"start":{"line":343,"column":18},"end":{"line":352,"column":4}},"168":{"start":{"line":354,"column":2},"end":{"line":354,"column":22}},"169":{"start":{"line":355,"column":2},"end":{"line":355,"column":141}},"170":{"start":{"line":358,"column":4},"end":{"line":358,"column":18}},"171":{"start":{"line":359,"column":4},"end":{"line":359,"column":67}}},"fnMap":{"0":{"name":"(anonymous_0)","decl":{"start":{"line":25,"column":23},"end":{"line":25,"column":24}},"loc":{"start":{"line":25,"column":42},"end":{"line":57,"column":1}},"line":25},"1":{"name":"(anonymous_1)","decl":{"start":{"line":59,"column":31},"end":{"line":59,"column":32}},"loc":{"start":{"line":59,"column":50},"end":{"line":84,"column":1}},"line":59},"2":{"name":"(anonymous_2)","decl":{"start":{"line":64,"column":30},"end":{"line":64,"column":31}},"loc":{"start":{"line":64,"column":57},"end":{"line":78,"column":2}},"line":64},"3":{"name":"(anonymous_3)","decl":{"start":{"line":86,"column":24},"end":{"line":86,"column":25}},"loc":{"start":{"line":86,"column":43},"end":{"line":108,"column":1}},"line":86},"4":{"name":"(anonymous_4)","decl":{"start":{"line":110,"column":21},"end":{"line":110,"column":22}},"loc":{"start":{"line":110,"column":40},"end":{"line":125,"column":1}},"line":110},"5":{"name":"(anonymous_5)","decl":{"start":{"line":127,"column":22},"end":{"line":127,"column":23}},"loc":{"start":{"line":127,"column":41},"end":{"line":140,"column":1}},"line":127},"6":{"name":"(anonymous_6)","decl":{"start":{"line":142,"column":23},"end":{"line":142,"column":24}},"loc":{"start":{"line":142,"column":42},"end":{"line":180,"column":1}},"line":142},"7":{"name":"(anonymous_7)","decl":{"start":{"line":183,"column":21},"end":{"line":183,"column":22}},"loc":{"start":{"line":183,"column":40},"end":{"line":200,"column":1}},"line":183},"8":{"name":"(anonymous_8)","decl":{"start":{"line":202,"column":29},"end":{"line":202,"column":30}},"loc":{"start":{"line":202,"column":48},"end":{"line":216,"column":1}},"line":202},"9":{"name":"(anonymous_9)","decl":{"start":{"line":218,"column":31},"end":{"line":218,"column":32}},"loc":{"start":{"line":218,"column":50},"end":{"line":230,"column":1}},"line":218},"10":{"name":"(anonymous_10)","decl":{"start":{"line":234,"column":26},"end":{"line":234,"column":27}},"loc":{"start":{"line":234,"column":45},"end":{"line":257,"column":1}},"line":234},"11":{"name":"(anonymous_11)","decl":{"start":{"line":259,"column":29},"end":{"line":259,"column":30}},"loc":{"start":{"line":259,"column":48},"end":{"line":271,"column":1}},"line":259},"12":{"name":"(anonymous_12)","decl":{"start":{"line":273,"column":32},"end":{"line":273,"column":33}},"loc":{"start":{"line":273,"column":51},"end":{"line":289,"column":1}},"line":273},"13":{"name":"(anonymous_13)","decl":{"start":{"line":292,"column":20},"end":{"line":292,"column":21}},"loc":{"start":{"line":292,"column":39},"end":{"line":307,"column":1}},"line":292},"14":{"name":"(anonymous_14)","decl":{"start":{"line":309,"column":21},"end":{"line":309,"column":22}},"loc":{"start":{"line":309,"column":40},"end":{"line":336,"column":1}},"line":309},"15":{"name":"(anonymous_15)","decl":{"start":{"line":338,"column":21},"end":{"line":338,"column":22}},"loc":{"start":{"line":338,"column":39},"end":{"line":362,"column":1}},"line":338}},"branchMap":{"0":{"loc":{"start":{"line":65,"column":6},"end":{"line":65,"column":25}},"type":"if","locations":[{"start":{"line":65,"column":6},"end":{"line":65,"column":25}},{"start":{},"end":{}}],"line":65},"1":{"loc":{"start":{"line":67,"column":2},"end":{"line":78,"column":1}},"type":"if","locations":[{"start":{"line":67,"column":2},"end":{"line":78,"column":1}},{"start":{"line":69,"column":9},"end":{"line":78,"column":1}}],"line":67},"2":{"loc":{"start":{"line":72,"column":4},"end":{"line":74,"column":5}},"type":"if","locations":[{"start":{"line":72,"column":4},"end":{"line":74,"column":5}},{"start":{},"end":{}}],"line":72},"3":{"loc":{"start":{"line":98,"column":8},"end":{"line":100,"column":9}},"type":"if","locations":[{"start":{"line":98,"column":8},"end":{"line":100,"column":9}},{"start":{},"end":{}}],"line":98},"4":{"loc":{"start":{"line":114,"column":4},"end":{"line":116,"column":5}},"type":"if","locations":[{"start":{"line":114,"column":4},"end":{"line":116,"column":5}},{"start":{},"end":{}}],"line":114},"5":{"loc":{"start":{"line":154,"column":8},"end":{"line":156,"column":9}},"type":"if","locations":[{"start":{"line":154,"column":8},"end":{"line":156,"column":9}},{"start":{},"end":{}}],"line":154},"6":{"loc":{"start":{"line":189,"column":8},"end":{"line":191,"column":9}},"type":"if","locations":[{"start":{"line":189,"column":8},"end":{"line":191,"column":9}},{"start":{},"end":{}}],"line":189},"7":{"loc":{"start":{"line":206,"column":4},"end":{"line":208,"column":5}},"type":"if","locations":[{"start":{"line":206,"column":4},"end":{"line":208,"column":5}},{"start":{},"end":{}}],"line":206},"8":{"loc":{"start":{"line":222,"column":4},"end":{"line":224,"column":5}},"type":"if","locations":[{"start":{"line":222,"column":4},"end":{"line":224,"column":5}},{"start":{},"end":{}}],"line":222},"9":{"loc":{"start":{"line":244,"column":8},"end":{"line":246,"column":9}},"type":"if","locations":[{"start":{"line":244,"column":8},"end":{"line":246,"column":9}},{"start":{},"end":{}}],"line":244},"10":{"loc":{"start":{"line":263,"column":4},"end":{"line":265,"column":5}},"type":"if","locations":[{"start":{"line":263,"column":4},"end":{"line":265,"column":5}},{"start":{},"end":{}}],"line":263},"11":{"loc":{"start":{"line":277,"column":4},"end":{"line":279,"column":5}},"type":"if","locations":[{"start":{"line":277,"column":4},"end":{"line":279,"column":5}},{"start":{},"end":{}}],"line":277},"12":{"loc":{"start":{"line":318,"column":4},"end":{"line":328,"column":5}},"type":"if","locations":[{"start":{"line":318,"column":4},"end":{"line":328,"column":5}},{"start":{"line":324,"column":9},"end":{"line":328,"column":5}}],"line":318},"13":{"loc":{"start":{"line":355,"column":63},"end":{"line":355,"column":104}},"type":"cond-expr","locations":[{"start":{"line":355,"column":83},"end":{"line":355,"column":100}},{"start":{"line":355,"column":103},"end":{"line":355,"column":104}}],"line":355}},"s":{"0":5,"1":5,"2":5,"3":5,"4":5,"5":5,"6":5,"7":5,"8":5,"9":5,"10":5,"11":5,"12":5,"13":5,"14":5,"15":1,"16":1,"17":1,"18":5,"19":0,"20":0,"21":0,"22":0,"23":0,"24":0,"25":0,"26":0,"27":0,"28":0,"29":0,"30":0,"31":0,"32":0,"33":5,"34":2,"35":2,"36":2,"37":2,"38":2,"39":1,"40":1,"41":0,"42":0,"43":5,"44":2,"45":2,"46":2,"47":1,"48":0,"49":1,"50":1,"51":1,"52":1,"53":5,"54":1,"55":1,"56":1,"57":1,"58":0,"59":0,"60":5,"61":0,"62":0,"63":0,"64":0,"65":0,"66":0,"67":0,"68":0,"69":0,"70":0,"71":0,"72":0,"73":0,"74":0,"75":0,"76":5,"77":0,"78":0,"79":0,"80":0,"81":0,"82":0,"83":0,"84":0,"85":0,"86":0,"87":0,"88":5,"89":0,"90":0,"91":0,"92":0,"93":0,"94":0,"95":0,"96":0,"97":0,"98":0,"99":5,"100":0,"101":0,"102":0,"103":0,"104":0,"105":0,"106":0,"107":0,"108":5,"109":0,"110":0,"111":0,"112":0,"113":0,"114":0,"115":0,"116":0,"117":0,"118":0,"119":0,"120":0,"121":5,"122":0,"123":0,"124":0,"125":0,"126":0,"127":0,"128":0,"129":0,"130":5,"131":0,"132":0,"133":0,"134":0,"135":0,"136":0,"137":0,"138":0,"139":0,"140":0,"141":5,"142":0,"143":0,"144":0,"145":0,"146":0,"147":0,"148":5,"149":0,"150":0,"151":0,"152":0,"153":0,"154":0,"155":0,"156":0,"157":0,"158":0,"159":0,"160":0,"161":0,"162":0,"163":5,"164":1,"165":1,"166":1,"167":1,"168":1,"169":1,"170":0,"171":0},"f":{"0":1,"1":0,"2":0,"3":2,"4":2,"5":1,"6":0,"7":0,"8":0,"9":0,"10":0,"11":0,"12":0,"13":0,"14":0,"15":1},"b":{"0":[0,0],"1":[0,0],"2":[0,0],"3":[1,1],"4":[0,1],"5":[0,0],"6":[0,0],"7":[0,0],"8":[0,0],"9":[0,0],"10":[0,0],"11":[0,0],"12":[0,0],"13":[1,0]},"_coverageSchema":"1a1c01bbd47fc00a2c39e90264f33305004495a9","hash":"d26d8ea13d90876bc2f3919c21ee5b7b87529e6a"}
,"C:\\Users\\chars\\Desktop\\Study Stuff\\FDFDE\\FDFED_2\\Backend\\controllers\\DashboardTeacherProfileController.js": {"path":"C:\\Users\\chars\\Desktop\\Study Stuff\\FDFDE\\FDFED_2\\Backend\\controllers\\DashboardTeacherProfileController.js","statementMap":{"0":{"start":{"line":1,"column":17},"end":{"line":1,"column":36}},"1":{"start":{"line":2,"column":22},"end":{"line":2,"column":50}},"2":{"start":{"line":3,"column":21},"end":{"line":3,"column":48}},"3":{"start":{"line":4,"column":19},"end":{"line":4,"column":44}},"4":{"start":{"line":5,"column":23},"end":{"line":5,"column":52}},"5":{"start":{"line":6,"column":23},"end":{"line":6,"column":52}},"6":{"start":{"line":7,"column":20},"end":{"line":7,"column":46}},"7":{"start":{"line":8,"column":22},"end":{"line":8,"column":50}},"8":{"start":{"line":11,"column":0},"end":{"line":34,"column":2}},"9":{"start":{"line":12,"column":17},"end":{"line":12,"column":27}},"10":{"start":{"line":13,"column":2},"end":{"line":13,"column":18}},"11":{"start":{"line":15,"column":2},"end":{"line":33,"column":3}},"12":{"start":{"line":17,"column":20},"end":{"line":17,"column":52}},"13":{"start":{"line":19,"column":4},"end":{"line":19,"column":45}},"14":{"start":{"line":22,"column":4},"end":{"line":24,"column":5}},"15":{"start":{"line":23,"column":6},"end":{"line":23,"column":66}},"16":{"start":{"line":26,"column":20},"end":{"line":26,"column":60}},"17":{"start":{"line":29,"column":4},"end":{"line":29,"column":47}},"18":{"start":{"line":31,"column":4},"end":{"line":31,"column":25}},"19":{"start":{"line":32,"column":4},"end":{"line":32,"column":61}},"20":{"start":{"line":39,"column":0},"end":{"line":55,"column":2}},"21":{"start":{"line":41,"column":19},"end":{"line":41,"column":29}},"22":{"start":{"line":43,"column":4},"end":{"line":53,"column":7}},"23":{"start":{"line":45,"column":26},"end":{"line":45,"column":69}},"24":{"start":{"line":46,"column":24},"end":{"line":46,"column":66}},"25":{"start":{"line":46,"column":50},"end":{"line":46,"column":65}},"26":{"start":{"line":47,"column":25},"end":{"line":47,"column":73}},"27":{"start":{"line":48,"column":8},"end":{"line":48,"column":58}},"28":{"start":{"line":51,"column":8},"end":{"line":51,"column":57}},"29":{"start":{"line":52,"column":8},"end":{"line":52,"column":81}},"30":{"start":{"line":57,"column":0},"end":{"line":70,"column":2}},"31":{"start":{"line":58,"column":17},"end":{"line":58,"column":57}},"32":{"start":{"line":60,"column":4},"end":{"line":62,"column":5}},"33":{"start":{"line":61,"column":8},"end":{"line":61,"column":45}},"34":{"start":{"line":64,"column":4},"end":{"line":64,"column":27}},"35":{"start":{"line":66,"column":4},"end":{"line":69,"column":7}},"36":{"start":{"line":73,"column":0},"end":{"line":90,"column":2}},"37":{"start":{"line":74,"column":19},"end":{"line":74,"column":29}},"38":{"start":{"line":76,"column":4},"end":{"line":89,"column":7}},"39":{"start":{"line":78,"column":26},"end":{"line":78,"column":69}},"40":{"start":{"line":79,"column":24},"end":{"line":79,"column":66}},"41":{"start":{"line":79,"column":50},"end":{"line":79,"column":65}},"42":{"start":{"line":80,"column":25},"end":{"line":80,"column":73}},"43":{"start":{"line":82,"column":33},"end":{"line":82,"column":48}},"44":{"start":{"line":84,"column":8},"end":{"line":84,"column":66}},"45":{"start":{"line":87,"column":8},"end":{"line":87,"column":57}},"46":{"start":{"line":88,"column":8},"end":{"line":88,"column":81}},"47":{"start":{"line":93,"column":0},"end":{"line":128,"column":2}},"48":{"start":{"line":94,"column":19},"end":{"line":94,"column":29}},"49":{"start":{"line":95,"column":4},"end":{"line":95,"column":20}},"50":{"start":{"line":97,"column":4},"end":{"line":127,"column":5}},"51":{"start":{"line":98,"column":27},"end":{"line":98,"column":125}},"52":{"start":{"line":99,"column":31},"end":{"line":99,"column":33}},"53":{"start":{"line":100,"column":29},"end":{"line":100,"column":30}},"54":{"start":{"line":102,"column":8},"end":{"line":104,"column":11}},"55":{"start":{"line":103,"column":12},"end":{"line":103,"column":41}},"56":{"start":{"line":105,"column":24},"end":{"line":105,"column":64}},"57":{"start":{"line":106,"column":9},"end":{"line":106,"column":41}},"58":{"start":{"line":107,"column":9},"end":{"line":107,"column":57}},"59":{"start":{"line":108,"column":8},"end":{"line":113,"column":9}},"60":{"start":{"line":109,"column":29},"end":{"line":109,"column":75}},"61":{"start":{"line":110,"column":12},"end":{"line":112,"column":13}},"62":{"start":{"line":111,"column":14},"end":{"line":111,"column":46}},"63":{"start":{"line":115,"column":8},"end":{"line":115,"column":59}},"64":{"start":{"line":117,"column":31},"end":{"line":120,"column":9}},"65":{"start":{"line":122,"column":8},"end":{"line":122,"column":64}},"66":{"start":{"line":125,"column":8},"end":{"line":125,"column":55}},"67":{"start":{"line":126,"column":8},"end":{"line":126,"column":65}},"68":{"start":{"line":130,"column":0},"end":{"line":163,"column":2}},"69":{"start":{"line":131,"column":19},"end":{"line":131,"column":29}},"70":{"start":{"line":132,"column":4},"end":{"line":162,"column":5}},"71":{"start":{"line":133,"column":24},"end":{"line":133,"column":64}},"72":{"start":{"line":136,"column":32},"end":{"line":136,"column":33}},"73":{"start":{"line":137,"column":8},"end":{"line":137,"column":29}},"74":{"start":{"line":139,"column":8},"end":{"line":141,"column":9}},"75":{"start":{"line":139,"column":19},"end":{"line":139,"column":20}},"76":{"start":{"line":140,"column":10},"end":{"line":140,"column":71}},"77":{"start":{"line":157,"column":8},"end":{"line":157,"column":67}},"78":{"start":{"line":160,"column":8},"end":{"line":160,"column":39}},"79":{"start":{"line":161,"column":8},"end":{"line":161,"column":65}},"80":{"start":{"line":166,"column":0},"end":{"line":190,"column":2}},"81":{"start":{"line":167,"column":17},"end":{"line":167,"column":27}},"82":{"start":{"line":169,"column":2},"end":{"line":189,"column":3}},"83":{"start":{"line":171,"column":20},"end":{"line":171,"column":60}},"84":{"start":{"line":172,"column":4},"end":{"line":174,"column":5}},"85":{"start":{"line":173,"column":6},"end":{"line":173,"column":84}},"86":{"start":{"line":176,"column":22},"end":{"line":176,"column":55}},"87":{"start":{"line":176,"column":44},"end":{"line":176,"column":54}},"88":{"start":{"line":178,"column":21},"end":{"line":180,"column":45}},"89":{"start":{"line":184,"column":4},"end":{"line":184,"column":54}},"90":{"start":{"line":187,"column":4},"end":{"line":187,"column":53}},"91":{"start":{"line":188,"column":4},"end":{"line":188,"column":63}}},"fnMap":{"0":{"name":"(anonymous_0)","decl":{"start":{"line":11,"column":34},"end":{"line":11,"column":35}},"loc":{"start":{"line":11,"column":54},"end":{"line":34,"column":1}},"line":11},"1":{"name":"(anonymous_1)","decl":{"start":{"line":39,"column":38},"end":{"line":39,"column":39}},"loc":{"start":{"line":39,"column":56},"end":{"line":55,"column":1}},"line":39},"2":{"name":"(anonymous_2)","decl":{"start":{"line":46,"column":38},"end":{"line":46,"column":39}},"loc":{"start":{"line":46,"column":50},"end":{"line":46,"column":65}},"line":46},"3":{"name":"(anonymous_3)","decl":{"start":{"line":57,"column":40},"end":{"line":57,"column":41}},"loc":{"start":{"line":57,"column":58},"end":{"line":70,"column":1}},"line":57},"4":{"name":"(anonymous_4)","decl":{"start":{"line":73,"column":42},"end":{"line":73,"column":43}},"loc":{"start":{"line":73,"column":60},"end":{"line":90,"column":1}},"line":73},"5":{"name":"(anonymous_5)","decl":{"start":{"line":79,"column":38},"end":{"line":79,"column":39}},"loc":{"start":{"line":79,"column":50},"end":{"line":79,"column":65}},"line":79},"6":{"name":"(anonymous_6)","decl":{"start":{"line":93,"column":29},"end":{"line":93,"column":30}},"loc":{"start":{"line":93,"column":47},"end":{"line":128,"column":1}},"line":93},"7":{"name":"(anonymous_7)","decl":{"start":{"line":102,"column":27},"end":{"line":102,"column":28}},"loc":{"start":{"line":102,"column":39},"end":{"line":104,"column":9}},"line":102},"8":{"name":"(anonymous_8)","decl":{"start":{"line":130,"column":27},"end":{"line":130,"column":28}},"loc":{"start":{"line":130,"column":45},"end":{"line":163,"column":1}},"line":130},"9":{"name":"(anonymous_9)","decl":{"start":{"line":166,"column":25},"end":{"line":166,"column":26}},"loc":{"start":{"line":166,"column":43},"end":{"line":190,"column":1}},"line":166},"10":{"name":"(anonymous_10)","decl":{"start":{"line":176,"column":34},"end":{"line":176,"column":35}},"loc":{"start":{"line":176,"column":44},"end":{"line":176,"column":54}},"line":176}},"branchMap":{"0":{"loc":{"start":{"line":22,"column":4},"end":{"line":24,"column":5}},"type":"if","locations":[{"start":{"line":22,"column":4},"end":{"line":24,"column":5}},{"start":{},"end":{}}],"line":22},"1":{"loc":{"start":{"line":60,"column":4},"end":{"line":62,"column":5}},"type":"if","locations":[{"start":{"line":60,"column":4},"end":{"line":62,"column":5}},{"start":{},"end":{}}],"line":60},"2":{"loc":{"start":{"line":110,"column":12},"end":{"line":112,"column":13}},"type":"if","locations":[{"start":{"line":110,"column":12},"end":{"line":112,"column":13}},{"start":{},"end":{}}],"line":110},"3":{"loc":{"start":{"line":110,"column":16},"end":{"line":110,"column":59}},"type":"binary-expr","locations":[{"start":{"line":110,"column":16},"end":{"line":110,"column":24}},{"start":{"line":110,"column":28},"end":{"line":110,"column":59}}],"line":110},"4":{"loc":{"start":{"line":172,"column":4},"end":{"line":174,"column":5}},"type":"if","locations":[{"start":{"line":172,"column":4},"end":{"line":174,"column":5}},{"start":{},"end":{}}],"line":172}},"s":{"0":5,"1":5,"2":5,"3":5,"4":5,"5":5,"6":5,"7":5,"8":5,"9":0,"10":0,"11":0,"12":0,"13":0,"14":0,"15":0,"16":0,"17":0,"18":0,"19":0,"20":5,"21":0,"22":0,"23":0,"24":0,"25":0,"26":0,"27":0,"28":0,"29":0,"30":5,"31":0,"32":0,"33":0,"34":0,"35":0,"36":5,"37":0,"38":0,"39":0,"40":0,"41":0,"42":0,"43":0,"44":0,"45":0,"46":0,"47":5,"48":0,"49":0,"50":0,"51":0,"52":0,"53":0,"54":0,"55":0,"56":0,"57":0,"58":0,"59":0,"60":0,"61":0,"62":0,"63":0,"64":0,"65":0,"66":0,"67":0,"68":5,"69":0,"70":0,"71":0,"72":0,"73":0,"74":0,"75":0,"76":0,"77":0,"78":0,"79":0,"80":5,"81":0,"82":0,"83":0,"84":0,"85":0,"86":0,"87":0,"88":0,"89":0,"90":0,"91":0},"f":{"0":0,"1":0,"2":0,"3":0,"4":0,"5":0,"6":0,"7":0,"8":0,"9":0,"10":0},"b":{"0":[0,0],"1":[0,0],"2":[0,0],"3":[0,0],"4":[0,0]},"_coverageSchema":"1a1c01bbd47fc00a2c39e90264f33305004495a9","hash":"8da93ebf2804275f73912ccad964facfef08df27"}
,"C:\\Users\\chars\\Desktop\\Study Stuff\\FDFDE\\FDFED_2\\Backend\\controllers\\InstructorController.js": {"path":"C:\\Users\\chars\\Desktop\\Study Stuff\\FDFDE\\FDFED_2\\Backend\\controllers\\InstructorController.js","statementMap":{"0":{"start":{"line":1,"column":24},"end":{"line":1,"column":55}},"1":{"start":{"line":2,"column":22},"end":{"line":2,"column":53}},"2":{"start":{"line":4,"column":0},"end":{"line":31,"column":1}},"3":{"start":{"line":6,"column":4},"end":{"line":29,"column":7}},"4":{"start":{"line":8,"column":6},"end":{"line":25,"column":6}},"5":{"start":{"line":9,"column":8},"end":{"line":9,"column":27}},"6":{"start":{"line":9,"column":17},"end":{"line":9,"column":27}},"7":{"start":{"line":11,"column":7},"end":{"line":24,"column":7}},"8":{"start":{"line":12,"column":9},"end":{"line":12,"column":49}},"9":{"start":{"line":15,"column":28},"end":{"line":15,"column":54}},"10":{"start":{"line":16,"column":8},"end":{"line":16,"column":33}},"11":{"start":{"line":18,"column":8},"end":{"line":23,"column":9}},"12":{"start":{"line":19,"column":10},"end":{"line":19,"column":46}},"13":{"start":{"line":20,"column":10},"end":{"line":20,"column":78}},"14":{"start":{"line":22,"column":10},"end":{"line":22,"column":68}},"15":{"start":{"line":27,"column":8},"end":{"line":27,"column":49}},"16":{"start":{"line":28,"column":8},"end":{"line":28,"column":55}}},"fnMap":{"0":{"name":"(anonymous_0)","decl":{"start":{"line":4,"column":35},"end":{"line":4,"column":36}},"loc":{"start":{"line":4,"column":54},"end":{"line":31,"column":1}},"line":4},"1":{"name":"(anonymous_1)","decl":{"start":{"line":8,"column":37},"end":{"line":8,"column":38}},"loc":{"start":{"line":8,"column":64},"end":{"line":25,"column":5}},"line":8}},"branchMap":{"0":{"loc":{"start":{"line":9,"column":8},"end":{"line":9,"column":27}},"type":"if","locations":[{"start":{"line":9,"column":8},"end":{"line":9,"column":27}},{"start":{},"end":{}}],"line":9},"1":{"loc":{"start":{"line":11,"column":7},"end":{"line":24,"column":7}},"type":"if","locations":[{"start":{"line":11,"column":7},"end":{"line":24,"column":7}},{"start":{"line":13,"column":13},"end":{"line":24,"column":7}}],"line":11},"2":{"loc":{"start":{"line":18,"column":8},"end":{"line":23,"column":9}},"type":"if","locations":[{"start":{"line":18,"column":8},"end":{"line":23,"column":9}},{"start":{"line":21,"column":15},"end":{"line":23,"column":9}}],"line":18}},"s":{"0":5,"1":5,"2":5,"3":0,"4":0,"5":0,"6":0,"7":0,"8":0,"9":0,"10":0,"11":0,"12":0,"13":0,"14":0,"15":0,"16":0},"f":{"0":0,"1":0},"b":{"0":[0,0],"1":[0,0],"2":[0,0]},"_coverageSchema":"1a1c01bbd47fc00a2c39e90264f33305004495a9","hash":"1556a95b437f56452f0f0dbdce8ae04732395906"}
,"C:\\Users\\chars\\Desktop\\Study Stuff\\FDFDE\\FDFED_2\\Backend\\controllers\\PaymentController.js": {"path":"C:\\Users\\chars\\Desktop\\Study Stuff\\FDFDE\\FDFED_2\\Backend\\controllers\\PaymentController.js","statementMap":{"0":{"start":{"line":1,"column":17},"end":{"line":1,"column":36}},"1":{"start":{"line":2,"column":17},"end":{"line":5,"column":4}},"2":{"start":{"line":8,"column":0},"end":{"line":22,"column":2}},"3":{"start":{"line":9,"column":20},"end":{"line":14,"column":5}},"4":{"start":{"line":15,"column":4},"end":{"line":15,"column":37}},"5":{"start":{"line":16,"column":4},"end":{"line":21,"column":5}},"6":{"start":{"line":17,"column":20},"end":{"line":17,"column":57}},"7":{"start":{"line":18,"column":6},"end":{"line":18,"column":22}},"8":{"start":{"line":20,"column":6},"end":{"line":20,"column":34}}},"fnMap":{"0":{"name":"(anonymous_0)","decl":{"start":{"line":8,"column":26},"end":{"line":8,"column":27}},"loc":{"start":{"line":8,"column":46},"end":{"line":22,"column":1}},"line":8}},"branchMap":{},"s":{"0":5,"1":5,"2":5,"3":3,"4":3,"5":3,"6":3,"7":1,"8":2},"f":{"0":3},"b":{},"_coverageSchema":"1a1c01bbd47fc00a2c39e90264f33305004495a9","hash":"9df0f5e07c5f64b977b1ee3afb10bfc8085e1484"}
,"C:\\Users\\chars\\Desktop\\Study Stuff\\FDFDE\\FDFED_2\\Backend\\controllers\\StudentEditProfileController.js": {"path":"C:\\Users\\chars\\Desktop\\Study Stuff\\FDFDE\\FDFED_2\\Backend\\controllers\\StudentEditProfileController.js","statementMap":{"0":{"start":{"line":1,"column":19},"end":{"line":1,"column":43}},"1":{"start":{"line":2,"column":19},"end":{"line":2,"column":44}},"2":{"start":{"line":4,"column":0},"end":{"line":8,"column":3}},"3":{"start":{"line":10,"column":0},"end":{"line":65,"column":2}},"4":{"start":{"line":11,"column":4},"end":{"line":64,"column":5}},"5":{"start":{"line":12,"column":23},"end":{"line":12,"column":33}},"6":{"start":{"line":14,"column":31},"end":{"line":24,"column":9}},"7":{"start":{"line":26,"column":8},"end":{"line":48,"column":9}},"8":{"start":{"line":27,"column":28},"end":{"line":27,"column":57}},"9":{"start":{"line":32,"column":12},"end":{"line":34,"column":13}},"10":{"start":{"line":33,"column":16},"end":{"line":33,"column":76}},"11":{"start":{"line":36,"column":28},"end":{"line":40,"column":14}},"12":{"start":{"line":42,"column":12},"end":{"line":45,"column":14}},"13":{"start":{"line":47,"column":12},"end":{"line":47,"column":41}},"14":{"start":{"line":50,"column":31},"end":{"line":54,"column":10}},"15":{"start":{"line":56,"column":8},"end":{"line":59,"column":11}},"16":{"start":{"line":62,"column":8},"end":{"line":62,"column":64}},"17":{"start":{"line":63,"column":8},"end":{"line":63,"column":55}},"18":{"start":{"line":68,"column":0},"end":{"line":85,"column":2}},"19":{"start":{"line":69,"column":19},"end":{"line":69,"column":29}},"20":{"start":{"line":71,"column":4},"end":{"line":84,"column":5}},"21":{"start":{"line":73,"column":22},"end":{"line":73,"column":51}},"22":{"start":{"line":76,"column":6},"end":{"line":78,"column":7}},"23":{"start":{"line":77,"column":8},"end":{"line":77,"column":68}},"24":{"start":{"line":80,"column":6},"end":{"line":80,"column":40}},"25":{"start":{"line":82,"column":6},"end":{"line":82,"column":27}},"26":{"start":{"line":83,"column":6},"end":{"line":83,"column":63}}},"fnMap":{"0":{"name":"(anonymous_0)","decl":{"start":{"line":10,"column":31},"end":{"line":10,"column":32}},"loc":{"start":{"line":10,"column":51},"end":{"line":65,"column":1}},"line":10},"1":{"name":"(anonymous_1)","decl":{"start":{"line":68,"column":21},"end":{"line":68,"column":22}},"loc":{"start":{"line":68,"column":39},"end":{"line":85,"column":1}},"line":68}},"branchMap":{"0":{"loc":{"start":{"line":26,"column":8},"end":{"line":48,"column":9}},"type":"if","locations":[{"start":{"line":26,"column":8},"end":{"line":48,"column":9}},{"start":{"line":46,"column":15},"end":{"line":48,"column":9}}],"line":26},"1":{"loc":{"start":{"line":32,"column":12},"end":{"line":34,"column":13}},"type":"if","locations":[{"start":{"line":32,"column":12},"end":{"line":34,"column":13}},{"start":{},"end":{}}],"line":32},"2":{"loc":{"start":{"line":32,"column":16},"end":{"line":32,"column":69}},"type":"binary-expr","locations":[{"start":{"line":32,"column":16},"end":{"line":32,"column":23}},{"start":{"line":32,"column":27},"end":{"line":32,"column":41}},{"start":{"line":32,"column":45},"end":{"line":32,"column":69}}],"line":32},"3":{"loc":{"start":{"line":76,"column":6},"end":{"line":78,"column":7}},"type":"if","locations":[{"start":{"line":76,"column":6},"end":{"line":78,"column":7}},{"start":{},"end":{}}],"line":76}},"s":{"0":5,"1":5,"2":5,"3":5,"4":0,"5":0,"6":0,"7":0,"8":0,"9":0,"10":0,"11":0,"12":0,"13":0,"14":0,"15":0,"16":0,"17":0,"18":5,"19":0,"20":0,"21":0,"22":0,"23":0,"24":0,"25":0,"26":0},"f":{"0":0,"1":0},"b":{"0":[0,0],"1":[0,0],"2":[0,0,0],"3":[0,0]},"_coverageSchema":"1a1c01bbd47fc00a2c39e90264f33305004495a9","hash":"1139c2abddea72978c9f6180876907c58f3a103b"}
,"C:\\Users\\chars\\Desktop\\Study Stuff\\FDFDE\\FDFED_2\\Backend\\controllers\\TeacherController.js": {"path":"C:\\Users\\chars\\Desktop\\Study Stuff\\FDFDE\\FDFED_2\\Backend\\controllers\\TeacherController.js","statementMap":{"0":{"start":{"line":1,"column":22},"end":{"line":1,"column":53}},"1":{"start":{"line":2,"column":42},"end":{"line":2,"column":76}},"2":{"start":{"line":3,"column":24},"end":{"line":3,"column":55}},"3":{"start":{"line":5,"column":0},"end":{"line":49,"column":4}},"4":{"start":{"line":6,"column":4},"end":{"line":48,"column":5}},"5":{"start":{"line":7,"column":6},"end":{"line":7,"column":35}},"6":{"start":{"line":18,"column":10},"end":{"line":18,"column":18}},"7":{"start":{"line":21,"column":30},"end":{"line":21,"column":68}},"8":{"start":{"line":23,"column":6},"end":{"line":25,"column":7}},"9":{"start":{"line":24,"column":8},"end":{"line":24,"column":110}},"10":{"start":{"line":28,"column":29},"end":{"line":28,"column":57}},"11":{"start":{"line":29,"column":25},"end":{"line":39,"column":8}},"12":{"start":{"line":42,"column":27},"end":{"line":42,"column":50}},"13":{"start":{"line":44,"column":6},"end":{"line":44,"column":86}},"14":{"start":{"line":46,"column":6},"end":{"line":46,"column":27}},"15":{"start":{"line":47,"column":6},"end":{"line":47,"column":63}},"16":{"start":{"line":55,"column":0},"end":{"line":87,"column":3}},"17":{"start":{"line":56,"column":2},"end":{"line":86,"column":7}},"18":{"start":{"line":58,"column":23},"end":{"line":58,"column":69}},"19":{"start":{"line":77,"column":8},"end":{"line":77,"column":115}},"20":{"start":{"line":84,"column":10},"end":{"line":84,"column":66}},"21":{"start":{"line":85,"column":10},"end":{"line":85,"column":93}},"22":{"start":{"line":89,"column":2},"end":{"line":106,"column":3}},"23":{"start":{"line":91,"column":4},"end":{"line":104,"column":5}},"24":{"start":{"line":92,"column":17},"end":{"line":92,"column":30}},"25":{"start":{"line":95,"column":22},"end":{"line":95,"column":54}},"26":{"start":{"line":96,"column":6},"end":{"line":96,"column":27}},"27":{"start":{"line":98,"column":6},"end":{"line":98,"column":92}},"28":{"start":{"line":103,"column":8},"end":{"line":103,"column":91}},"29":{"start":{"line":108,"column":2},"end":{"line":130,"column":4}},"30":{"start":{"line":109,"column":4},"end":{"line":129,"column":5}},"31":{"start":{"line":110,"column":19},"end":{"line":110,"column":32}},"32":{"start":{"line":115,"column":29},"end":{"line":119,"column":7}},"33":{"start":{"line":121,"column":6},"end":{"line":123,"column":7}},"34":{"start":{"line":122,"column":8},"end":{"line":122,"column":70}},"35":{"start":{"line":125,"column":6},"end":{"line":125,"column":105}},"36":{"start":{"line":127,"column":6},"end":{"line":127,"column":62}},"37":{"start":{"line":128,"column":6},"end":{"line":128,"column":65}},"38":{"start":{"line":132,"column":2},"end":{"line":148,"column":4}},"39":{"start":{"line":133,"column":4},"end":{"line":147,"column":5}},"40":{"start":{"line":134,"column":17},"end":{"line":134,"column":30}},"41":{"start":{"line":137,"column":29},"end":{"line":137,"column":70}},"42":{"start":{"line":139,"column":6},"end":{"line":141,"column":7}},"43":{"start":{"line":140,"column":8},"end":{"line":140,"column":70}},"44":{"start":{"line":143,"column":6},"end":{"line":143,"column":105}},"45":{"start":{"line":145,"column":6},"end":{"line":145,"column":62}},"46":{"start":{"line":146,"column":6},"end":{"line":146,"column":65}}},"fnMap":{"0":{"name":"(anonymous_0)","decl":{"start":{"line":5,"column":29},"end":{"line":5,"column":30}},"loc":{"start":{"line":5,"column":49},"end":{"line":49,"column":3}},"line":5},"1":{"name":"(anonymous_1)","decl":{"start":{"line":55,"column":25},"end":{"line":55,"column":26}},"loc":{"start":{"line":55,"column":44},"end":{"line":87,"column":3}},"line":55},"2":{"name":"(anonymous_2)","decl":{"start":{"line":89,"column":29},"end":{"line":89,"column":30}},"loc":{"start":{"line":89,"column":48},"end":{"line":106,"column":3}},"line":89},"3":{"name":"(anonymous_3)","decl":{"start":{"line":108,"column":26},"end":{"line":108,"column":27}},"loc":{"start":{"line":108,"column":46},"end":{"line":130,"column":3}},"line":108},"4":{"name":"(anonymous_4)","decl":{"start":{"line":132,"column":26},"end":{"line":132,"column":27}},"loc":{"start":{"line":132,"column":46},"end":{"line":148,"column":3}},"line":132}},"branchMap":{"0":{"loc":{"start":{"line":23,"column":6},"end":{"line":25,"column":7}},"type":"if","locations":[{"start":{"line":23,"column":6},"end":{"line":25,"column":7}},{"start":{},"end":{}}],"line":23},"1":{"loc":{"start":{"line":121,"column":6},"end":{"line":123,"column":7}},"type":"if","locations":[{"start":{"line":121,"column":6},"end":{"line":123,"column":7}},{"start":{},"end":{}}],"line":121},"2":{"loc":{"start":{"line":139,"column":6},"end":{"line":141,"column":7}},"type":"if","locations":[{"start":{"line":139,"column":6},"end":{"line":141,"column":7}},{"start":{},"end":{}}],"line":139}},"s":{"0":5,"1":5,"2":5,"3":5,"4":0,"5":0,"6":0,"7":0,"8":0,"9":0,"10":0,"11":0,"12":0,"13":0,"14":0,"15":0,"16":5,"17":1,"18":1,"19":1,"20":0,"21":0,"22":5,"23":1,"24":1,"25":1,"26":1,"27":1,"28":0,"29":5,"30":0,"31":0,"32":0,"33":0,"34":0,"35":0,"36":0,"37":0,"38":5,"39":0,"40":0,"41":0,"42":0,"43":0,"44":0,"45":0,"46":0},"f":{"0":0,"1":1,"2":1,"3":0,"4":0},"b":{"0":[0,0],"1":[0,0],"2":[0,0]},"_coverageSchema":"1a1c01bbd47fc00a2c39e90264f33305004495a9","hash":"70f3e45a3e466565e2d3d0531d0f84c8d192d651"}
,"C:\\Users\\chars\\Desktop\\Study Stuff\\FDFDE\\FDFED_2\\Backend\\controllers\\TeacherEditProfileController.js": {"path":"C:\\Users\\chars\\Desktop\\Study Stuff\\FDFDE\\FDFED_2\\Backend\\controllers\\TeacherEditProfileController.js","statementMap":{"0":{"start":{"line":1,"column":19},"end":{"line":1,"column":43}},"1":{"start":{"line":2,"column":22},"end":{"line":2,"column":50}},"2":{"start":{"line":4,"column":0},"end":{"line":8,"column":3}},"3":{"start":{"line":10,"column":0},"end":{"line":65,"column":2}},"4":{"start":{"line":11,"column":4},"end":{"line":64,"column":5}},"5":{"start":{"line":12,"column":23},"end":{"line":12,"column":33}},"6":{"start":{"line":14,"column":31},"end":{"line":24,"column":9}},"7":{"start":{"line":26,"column":8},"end":{"line":48,"column":9}},"8":{"start":{"line":27,"column":28},"end":{"line":27,"column":60}},"9":{"start":{"line":32,"column":12},"end":{"line":34,"column":13}},"10":{"start":{"line":33,"column":16},"end":{"line":33,"column":76}},"11":{"start":{"line":36,"column":28},"end":{"line":40,"column":14}},"12":{"start":{"line":42,"column":12},"end":{"line":45,"column":14}},"13":{"start":{"line":47,"column":12},"end":{"line":47,"column":41}},"14":{"start":{"line":50,"column":31},"end":{"line":54,"column":10}},"15":{"start":{"line":56,"column":8},"end":{"line":59,"column":11}},"16":{"start":{"line":62,"column":8},"end":{"line":62,"column":64}},"17":{"start":{"line":63,"column":8},"end":{"line":63,"column":55}}},"fnMap":{"0":{"name":"(anonymous_0)","decl":{"start":{"line":10,"column":31},"end":{"line":10,"column":32}},"loc":{"start":{"line":10,"column":51},"end":{"line":65,"column":1}},"line":10}},"branchMap":{"0":{"loc":{"start":{"line":26,"column":8},"end":{"line":48,"column":9}},"type":"if","locations":[{"start":{"line":26,"column":8},"end":{"line":48,"column":9}},{"start":{"line":46,"column":15},"end":{"line":48,"column":9}}],"line":26},"1":{"loc":{"start":{"line":32,"column":12},"end":{"line":34,"column":13}},"type":"if","locations":[{"start":{"line":32,"column":12},"end":{"line":34,"column":13}},{"start":{},"end":{}}],"line":32},"2":{"loc":{"start":{"line":32,"column":16},"end":{"line":32,"column":69}},"type":"binary-expr","locations":[{"start":{"line":32,"column":16},"end":{"line":32,"column":23}},{"start":{"line":32,"column":27},"end":{"line":32,"column":41}},{"start":{"line":32,"column":45},"end":{"line":32,"column":69}}],"line":32}},"s":{"0":5,"1":5,"2":5,"3":5,"4":0,"5":0,"6":0,"7":0,"8":0,"9":0,"10":0,"11":0,"12":0,"13":0,"14":0,"15":0,"16":0,"17":0},"f":{"0":0},"b":{"0":[0,0],"1":[0,0],"2":[0,0,0]},"_coverageSchema":"1a1c01bbd47fc00a2c39e90264f33305004495a9","hash":"a1e9564be01b3ebe87b4fe96a174a808bcbb34e9"}
,"C:\\Users\\chars\\Desktop\\Study Stuff\\FDFDE\\FDFED_2\\Backend\\controllers\\TeacherProfileController.js": {"path":"C:\\Users\\chars\\Desktop\\Study Stuff\\FDFDE\\FDFED_2\\Backend\\controllers\\TeacherProfileController.js","statementMap":{"0":{"start":{"line":1,"column":22},"end":{"line":1,"column":50}},"1":{"start":{"line":2,"column":21},"end":{"line":2,"column":48}},"2":{"start":{"line":4,"column":0},"end":{"line":24,"column":2}},"3":{"start":{"line":5,"column":17},"end":{"line":5,"column":27}},"4":{"start":{"line":7,"column":2},"end":{"line":23,"column":3}},"5":{"start":{"line":9,"column":20},"end":{"line":9,"column":52}},"6":{"start":{"line":12,"column":4},"end":{"line":14,"column":5}},"7":{"start":{"line":13,"column":6},"end":{"line":13,"column":66}},"8":{"start":{"line":16,"column":20},"end":{"line":16,"column":60}},"9":{"start":{"line":19,"column":4},"end":{"line":19,"column":47}},"10":{"start":{"line":21,"column":4},"end":{"line":21,"column":25}},"11":{"start":{"line":22,"column":4},"end":{"line":22,"column":61}}},"fnMap":{"0":{"name":"(anonymous_0)","decl":{"start":{"line":4,"column":31},"end":{"line":4,"column":32}},"loc":{"start":{"line":4,"column":51},"end":{"line":24,"column":1}},"line":4}},"branchMap":{"0":{"loc":{"start":{"line":12,"column":4},"end":{"line":14,"column":5}},"type":"if","locations":[{"start":{"line":12,"column":4},"end":{"line":14,"column":5}},{"start":{},"end":{}}],"line":12}},"s":{"0":5,"1":5,"2":5,"3":0,"4":0,"5":0,"6":0,"7":0,"8":0,"9":0,"10":0,"11":0},"f":{"0":0},"b":{"0":[0,0]},"_coverageSchema":"1a1c01bbd47fc00a2c39e90264f33305004495a9","hash":"ce8c5d4fadc20cb6d4ed357f1231420afb9ea59b"}
[...]
,"C:\\Users\\chars\\Desktop\\Study Stuff\\FDFDE\\FDFED_2\\Backend\\models\\admin.js": {"path":"C:\\Users\\chars\\Desktop\\Study Stuff\\FDFDE\\FDFED_2\\Backend\\models\\admin.js","statementMap":{"0":{"start":{"line":1,"column":17},"end":{"line":1,"column":36}},"1":{"start":{"line":3,"column":15},"end":{"line":3,"column":30}},"2":{"start":{"line":5,"column":14},"end":{"line":14,"column":2}},"3":{"start":{"line":17,"column":0},"end":{"line":17,"column":48}}},"fnMap":{},"branchMap":{},"s":{"0":5,"1":5,"2":5,"3":5},"f":{},"b":{},"_coverageSchema":"1a1c01bbd47fc00a2c39e90264f33305004495a9","hash":"e517a1b4191052e33de6d3f545eda2e35efd582b"}
,"C:\\Users\\chars\\Desktop\\Study Stuff\\FDFDE\\FDFED_2\\Backend\\models\\category.js": {"path":"C:\\Users\\chars\\Desktop\\Study Stuff\\FDFDE\\FDFED_2\\Backend\\models\\category.js","statementMap":{"0":{"start":{"line":1,"column":17},"end":{"line":1,"column":36}},"1":{"start":{"line":3,"column":23},"end":{"line":9,"column":2}},"2":{"start":{"line":11,"column":0},"end":{"line":11,"column":61}}},"fnMap":{},"branchMap":{},"s":{"0":5,"1":5,"2":5},"f":{},"b":{},"_coverageSchema":"1a1c01bbd47fc00a2c39e90264f33305004495a9","hash":"31a27dd91c43d4d487ddfa19d432f37d577aaa68"}
,"C:\\Users\\chars\\Desktop\\Study Stuff\\FDFDE\\FDFED_2\\Backend\\models\\comment.js": {"path":"C:\\Users\\chars\\Desktop\\Study Stuff\\FDFDE\\FDFED_2\\Backend\\models\\comment.js","statementMap":{"0":{"start":{"line":1,"column":17},"end":{"line":1,"column":36}},"1":{"start":{"line":3,"column":15},"end":{"line":3,"column":30}},"2":{"start":{"line":5,"column":22},"end":{"line":20,"column":2}},"3":{"start":{"line":22,"column":0},"end":{"line":22,"column":58}}},"fnMap":{},"branchMap":{},"s":{"0":5,"1":5,"2":5,"3":5},"f":{},"b":{},"_coverageSchema":"1a1c01bbd47fc00a2c39e90264f33305004495a9","hash":"6ca5afd1dde13966e8663c19a26cd717b8ddb8e4"}
,"C:\\Users\\chars\\Desktop\\Study Stuff\\FDFDE\\FDFED_2\\Backend\\models\\contact.js": {"path":"C:\\Users\\chars\\Desktop\\Study Stuff\\FDFDE\\FDFED_2\\Backend\\models\\contact.js","statementMap":{"0":{"start":{"line":1,"column":17},"end":{"line":1,"column":36}},"1":{"start":{"line":3,"column":15},"end":{"line":3,"column":30}},"2":{"start":{"line":6,"column":18},"end":{"line":12,"column":2}},"3":{"start":{"line":14,"column":0},"end":{"line":14,"column":56}}},"fnMap":{},"branchMap":{},"s":{"0":5,"1":5,"2":5,"3":5},"f":{},"b":{},"_coverageSchema":"1a1c01bbd47fc00a2c39e90264f33305004495a9","hash":"28d77aed057656844c28e31e4d08f26db374c1c1"}
,"C:\\Users\\chars\\Desktop\\Study Stuff\\FDFDE\\FDFED_2\\Backend\\models\\course.js": {"path":"C:\\Users\\chars\\Desktop\\Study Stuff\\FDFDE\\FDFED_2\\Backend\\models\\course.js","statementMap":{"0":{"start":{"line":1,"column":17},"end":{"line":1,"column":36}},"1":{"start":{"line":2,"column":15},"end":{"line":2,"column":30}},"2":{"start":{"line":4,"column":21},"end":{"line":71,"column":1}},"3":{"start":{"line":76,"column":0},"end":{"line":76,"column":57}}},"fnMap":{},"branchMap":{},"s":{"0":5,"1":5,"2":5,"3":5},"f":{},"b":{},"_coverageSchema":"1a1c01bbd47fc00a2c39e90264f33305004495a9","hash":"6beb8d44173c60f1871d36160e3308bba7a36cd5"}
,"C:\\Users\\chars\\Desktop\\Study Stuff\\FDFDE\\FDFED_2\\Backend\\models\\order.js": {"path":"C:\\Users\\chars\\Desktop\\Study Stuff\\FDFDE\\FDFED_2\\Backend\\models\\order.js","statementMap":{"0":{"start":{"line":1,"column":17},"end":{"line":1,"column":36}},"1":{"start":{"line":4,"column":20},"end":{"line":23,"column":1}},"2":{"start":{"line":26,"column":0},"end":{"line":26,"column":55}}},"fnMap":{},"branchMap":{},"s":{"0":5,"1":5,"2":5},"f":{},"b":{},"_coverageSchema":"1a1c01bbd47fc00a2c39e90264f33305004495a9","hash":"77e66f4e6279eb8302617c890427aa4fdcf5cf6b"}
,"C:\\Users\\chars\\Desktop\\Study Stuff\\FDFDE\\FDFED_2\\Backend\\models\\progress.js": {"path":"C:\\Users\\chars\\Desktop\\Study Stuff\\FDFDE\\FDFED_2\\Backend\\models\\progress.js","statementMap":{"0":{"start":{"line":1,"column":17},"end":{"line":1,"column":36}},"1":{"start":{"line":3,"column":23},"end":{"line":20,"column":2}},"2":{"start":{"line":22,"column":0},"end":{"line":22,"column":61}}},"fnMap":{},"branchMap":{},"s":{"0":0,"1":0,"2":0},"f":{},"b":{}}
,"C:\\Users\\chars\\Desktop\\Study Stuff\\FDFDE\\FDFED_2\\Backend\\models\\purchase.js": {"path":"C:\\Users\\chars\\Desktop\\Study Stuff\\FDFDE\\FDFED_2\\Backend\\models\\purchase.js","statementMap":{"0":{"start":{"line":1,"column":17},"end":{"line":1,"column":36}},"1":{"start":{"line":4,"column":23},"end":{"line":25,"column":1}},"2":{"start":{"line":28,"column":0},"end":{"line":28,"column":61}}},"fnMap":{},"branchMap":{},"s":{"0":5,"1":5,"2":5},"f":{},"b":{},"_coverageSchema":"1a1c01bbd47fc00a2c39e90264f33305004495a9","hash":"4b08395ec4dea266a4d89a252e97f0b8393282b6"}
,"C:\\Users\\chars\\Desktop\\Study Stuff\\FDFDE\\FDFED_2\\Backend\\models\\quizes.js": {"path":"C:\\Users\\chars\\Desktop\\Study Stuff\\FDFDE\\FDFED_2\\Backend\\models\\quizes.js","statementMap":{"0":{"start":{"line":1,"column":17},"end":{"line":1,"column":36}},"1":{"start":{"line":3,"column":23},"end":{"line":16,"column":2}},"2":{"start":{"line":18,"column":19},"end":{"line":33,"column":2}},"3":{"start":{"line":35,"column":13},"end":{"line":35,"column":47}},"4":{"start":{"line":37,"column":0},"end":{"line":37,"column":22}}},"fnMap":{},"branchMap":{},"s":{"0":0,"1":0,"2":0,"3":0,"4":0},"f":{},"b":{}}
,"C:\\Users\\chars\\Desktop\\Study Stuff\\FDFDE\\FDFED_2\\Backend\\models\\rating.js": {"path":"C:\\Users\\chars\\Desktop\\Study Stuff\\FDFDE\\FDFED_2\\Backend\\models\\rating.js","statementMap":{"0":{"start":{"line":1,"column":17},"end":{"line":1,"column":36}},"1":{"start":{"line":3,"column":21},"end":{"line":19,"column":2}},"2":{"start":{"line":21,"column":0},"end":{"line":21,"column":57}}},"fnMap":{},"branchMap":{},"s":{"0":5,"1":5,"2":5},"f":{},"b":{},"_coverageSchema":"1a1c01bbd47fc00a2c39e90264f33305004495a9","hash":"98f60eb354795e68843b9acf512ec054eac01a16"}
,"C:\\Users\\chars\\Desktop\\Study Stuff\\FDFDE\\FDFED_2\\Backend\\models\\sections.js": {"path":"C:\\Users\\chars\\Desktop\\Study Stuff\\FDFDE\\FDFED_2\\Backend\\models\\sections.js","statementMap":{"0":{"start":{"line":1,"column":17},"end":{"line":1,"column":36}},"1":{"start":{"line":3,"column":22},"end":{"line":21,"column":2}},"2":{"start":{"line":23,"column":0},"end":{"line":23,"column":60}}},"fnMap":{},"branchMap":{},"s":{"0":5,"1":5,"2":5},"f":{},"b":{},"_coverageSchema":"1a1c01bbd47fc00a2c39e90264f33305004495a9","hash":"8f695c70ee0422d174599d205490743d5545515c"}
,"C:\\Users\\chars\\Desktop\\Study Stuff\\FDFDE\\FDFED_2\\Backend\\models\\teacher.js": {"path":"C:\\Users\\chars\\Desktop\\Study Stuff\\FDFDE\\FDFED_2\\Backend\\models\\teacher.js","statementMap":{"0":{"start":{"line":3,"column":17},"end":{"line":3,"column":36}},"1":{"start":{"line":5,"column":15},"end":{"line":5,"column":30}},"2":{"start":{"line":8,"column":22},"end":{"line":77,"column":1}},"3":{"start":{"line":82,"column":0},"end":{"line":82,"column":60}}},"fnMap":{},"branchMap":{},"s":{"0":5,"1":5,"2":5,"3":5},"f":{},"b":{},"_coverageSchema":"1a1c01bbd47fc00a2c39e90264f33305004495a9","hash":"93954da8b7a3f9978ee2ad296246b5ba7fff76a6"}
,"C:\\Users\\chars\\Desktop\\Study Stuff\\FDFDE\\FDFED_2\\Backend\\models\\user.js": {"path":"C:\\Users\\chars\\Desktop\\Study Stuff\\FDFDE\\FDFED_2\\Backend\\models\\user.js","statementMap":{"0":{"start":{"line":1,"column":17},"end":{"line":1,"column":36}},"1":{"start":{"line":3,"column":15},"end":{"line":3,"column":30}},"2":{"start":{"line":6,"column":19},"end":{"line":72,"column":1}},"3":{"start":{"line":75,"column":0},"end":{"line":75,"column":53}}},"fnMap":{},"branchMap":{},"s":{"0":5,"1":5,"2":5,"3":5},"f":{},"b":{},"_coverageSchema":"1a1c01bbd47fc00a2c39e90264f33305004495a9","hash":"299fd4360e71eb55809d12c96106d3b542a1bc6e"}
,"C:\\Users\\chars\\Desktop\\Study Stuff\\FDFDE\\FDFED_2\\Backend\\models\\videos.js": {"path":"C:\\Users\\chars\\Desktop\\Study Stuff\\FDFDE\\FDFED_2\\Backend\\models\\videos.js","statementMap":{"0":{"start":{"line":1,"column":17},"end":{"line":1,"column":36}},"1":{"start":{"line":3,"column":20},"end":{"line":12,"column":2}},"2":{"start":{"line":14,"column":0},"end":{"line":14,"column":55}}},"fnMap":{},"branchMap":{},"s":{"0":5,"1":5,"2":5},"f":{},"b":{},"_coverageSchema":"1a1c01bbd47fc00a2c39e90264f33305004495a9","hash":"329a403e1629dea48e530889e30ee2a914c7f850"}
,"C:\\Users\\chars\\Desktop\\Study Stuff\\FDFDE\\FDFED_2\\Backend\\routes\\AdminRoutes.js": {"path":"C:\\Users\\chars\\Desktop\\Study Stuff\\FDFDE\\FDFED_2\\Backend\\routes\\AdminRoutes.js","statementMap":{"0":{"start":{"line":1,"column":16},"end":{"line":1,"column":34}},"1":{"start":{"line":2,"column":15},"end":{"line":2,"column":31}},"2":{"start":{"line":4,"column":150},"end":{"line":4,"column":191}},"3":{"start":{"line":6,"column":0},"end":{"line":8,"column":2}},"4":{"start":{"line":10,"column":0},"end":{"line":12,"column":2}},"5":{"start":{"line":14,"column":0},"end":{"line":16,"column":2}},"6":{"start":{"line":18,"column":0},"end":{"line":20,"column":2}},"7":{"start":{"line":22,"column":0},"end":{"line":24,"column":2}},"8":{"start":{"line":26,"column":0},"end":{"line":28,"column":2}},"9":{"start":{"line":30,"column":0},"end":{"line":32,"column":2}},"10":{"start":{"line":34,"column":0},"end":{"line":36,"column":2}},"11":{"start":{"line":38,"column":0},"end":{"line":40,"column":1}},"12":{"start":{"line":42,"column":0},"end":{"line":45,"column":4}},"13":{"start":{"line":43,"column":4},"end":{"line":43,"column":36}},"14":{"start":{"line":44,"column":4},"end":{"line":44,"column":10}},"15":{"start":{"line":48,"column":0},"end":{"line":48,"column":24}}},"fnMap":{"0":{"name":"(anonymous_0)","decl":{"start":{"line":42,"column":11},"end":{"line":42,"column":12}},"loc":{"start":{"line":42,"column":31},"end":{"line":45,"column":3}},"line":42}},"branchMap":{},"s":{"0":5,"1":5,"2":5,"3":5,"4":5,"5":5,"6":5,"7":5,"8":5,"9":5,"10":5,"11":5,"12":5,"13":0,"14":0,"15":5},"f":{"0":0},"b":{},"_coverageSchema":"1a1c01bbd47fc00a2c39e90264f33305004495a9","hash":"f1cf23c5b0a61a5ea77b30e979b575bd8e6aec2c"}
,"C:\\Users\\chars\\Desktop\\Study Stuff\\FDFDE\\FDFED_2\\Backend\\routes\\AuthRoutes.js": {"path":"C:\\Users\\chars\\Desktop\\Study Stuff\\FDFDE\\FDFED_2\\Backend\\routes\\AuthRoutes.js","statementMap":{"0":{"start":{"line":1,"column":16},"end":{"line":1,"column":34}},"1":{"start":{"line":2,"column":15},"end":{"line":2,"column":31}},"2":{"start":{"line":4,"column":83},"end":{"line":4,"column":123}},"3":{"start":{"line":7,"column":0},"end":{"line":54,"column":2}},"4":{"start":{"line":57,"column":0},"end":{"line":92,"column":1}},"5":{"start":{"line":94,"column":0},"end":{"line":130,"column":2}},"6":{"start":{"line":132,"column":0},"end":{"line":165,"column":2}},"7":{"start":{"line":168,"column":0},"end":{"line":168,"column":24}}},"fnMap":{},"branchMap":{},"s":{"0":5,"1":5,"2":5,"3":5,"4":5,"5":5,"6":5,"7":5},"f":{},"b":{},"_coverageSchema":"1a1c01bbd47fc00a2c39e90264f33305004495a9","hash":"95897cdaf15885dd23e40f707a0ccca3797cb070"}
,"C:\\Users\\chars\\Desktop\\Study Stuff\\FDFDE\\FDFED_2\\Backend\\routes\\CourseRoutes.js": {"path":"C:\\Users\\chars\\Desktop\\Study Stuff\\FDFDE\\FDFED_2\\Backend\\routes\\CourseRoutes.js","statementMap":{"0":{"start":{"line":1,"column":16},"end":{"line":1,"column":34}},"1":{"start":{"line":2,"column":250},"end":{"line":2,"column":293}},"2":{"start":{"line":3,"column":15},"end":{"line":3,"column":31}},"3":{"start":{"line":4,"column":15},"end":{"line":4,"column":32}},"4":{"start":{"line":5,"column":19},"end":{"line":5,"column":41}},"5":{"start":{"line":6,"column":15},"end":{"line":6,"column":32}},"6":{"start":{"line":7,"column":26},"end":{"line":7,"column":65}},"7":{"start":{"line":8,"column":19},"end":{"line":8,"column":43}},"8":{"start":{"line":9,"column":28},"end":{"line":9,"column":64}},"9":{"start":{"line":12,"column":0},"end":{"line":16,"column":3}},"10":{"start":{"line":20,"column":16},"end":{"line":27,"column":2}},"11":{"start":{"line":29,"column":15},"end":{"line":31,"column":2}},"12":{"start":{"line":33,"column":0},"end":{"line":50,"column":2}},"13":{"start":{"line":53,"column":0},"end":{"line":77,"column":2}},"14":{"start":{"line":53,"column":62},"end":{"line":53,"column":85}},"15":{"start":{"line":53,"column":86},"end":{"line":53,"column":93}},"16":{"start":{"line":79,"column":0},"end":{"line":112,"column":1}},"17":{"start":{"line":114,"column":0},"end":{"line":143,"column":1}},"18":{"start":{"line":145,"column":0},"end":{"line":163,"column":2}},"19":{"start":{"line":165,"column":0},"end":{"line":171,"column":1}},"20":{"start":{"line":173,"column":0},"end":{"line":175,"column":2}},"21":{"start":{"line":177,"column":0},"end":{"line":179,"column":2}},"22":{"start":{"line":180,"column":0},"end":{"line":182,"column":2}},"23":{"start":{"line":183,"column":0},"end":{"line":185,"column":2}},"24":{"start":{"line":186,"column":0},"end":{"line":188,"column":2}},"25":{"start":{"line":189,"column":0},"end":{"line":191,"column":2}},"26":{"start":{"line":193,"column":0},"end":{"line":195,"column":1}},"27":{"start":{"line":196,"column":0},"end":{"line":198,"column":2}},"28":{"start":{"line":200,"column":0},"end":{"line":203,"column":2}},"29":{"start":{"line":205,"column":0},"end":{"line":205,"column":24}}},"fnMap":{"0":{"name":"(anonymous_0)","decl":{"start":{"line":53,"column":45},"end":{"line":53,"column":46}},"loc":{"start":{"line":53,"column":61},"end":{"line":53,"column":94}},"line":53}},"branchMap":{},"s":{"0":5,"1":5,"2":5,"3":5,"4":5,"5":5,"6":5,"7":5,"8":5,"9":5,"10":5,"11":5,"12":5,"13":5,"14":0,"15":0,"16":5,"17":5,"18":5,"19":5,"20":5,"21":5,"22":5,"23":5,"24":5,"25":5,"26":5,"27":5,"28":5,"29":5},"f":{"0":0},"b":{},"_coverageSchema":"1a1c01bbd47fc00a2c39e90264f33305004495a9","hash":"b4422ab25e11832a8037061be16166546dfe964e"}
,"C:\\Users\\chars\\Desktop\\Study Stuff\\FDFDE\\FDFED_2\\Backend\\routes\\PaymentRoutes.js": {"path":"C:\\Users\\chars\\Desktop\\Study Stuff\\FDFDE\\FDFED_2\\Backend\\routes\\PaymentRoutes.js","statementMap":{"0":{"start":{"line":1,"column":16},"end":{"line":1,"column":34}},"1":{"start":{"line":2,"column":30},"end":{"line":2,"column":73}},"2":{"start":{"line":3,"column":15},"end":{"line":3,"column":31}},"3":{"start":{"line":7,"column":0},"end":{"line":28,"column":2}},"4":{"start":{"line":31,"column":0},"end":{"line":31,"column":24}}},"fnMap":{},"branchMap":{},"s":{"0":5,"1":5,"2":5,"3":5,"4":5},"f":{},"b":{},"_coverageSchema":"1a1c01bbd47fc00a2c39e90264f33305004495a9","hash":"70b89f318516aa7fd5ccbc2813fbf182e9f9a823"}
,"C:\\Users\\chars\\Desktop\\Study Stuff\\FDFDE\\FDFED_2\\Backend\\routes\\TeacherRoutes.js": {"path":"C:\\Users\\chars\\Desktop\\Study Stuff\\FDFDE\\FDFED_2\\Backend\\routes\\TeacherRoutes.js","statementMap":{"0":{"start":{"line":1,"column":16},"end":{"line":1,"column":34}},"1":{"start":{"line":4,"column":15},"end":{"line":4,"column":31}},"2":{"start":{"line":6,"column":97},"end":{"line":6,"column":140}},"3":{"start":{"line":7,"column":153},"end":{"line":7,"column":215}},"4":{"start":{"line":9,"column":0},"end":{"line":9,"column":46}},"5":{"start":{"line":11,"column":0},"end":{"line":29,"column":2}},"6":{"start":{"line":31,"column":0},"end":{"line":53,"column":2}},"7":{"start":{"line":55,"column":0},"end":{"line":77,"column":1}},"8":{"start":{"line":80,"column":0},"end":{"line":82,"column":2}},"9":{"start":{"line":84,"column":0},"end":{"line":86,"column":2}},"10":{"start":{"line":88,"column":0},"end":{"line":90,"column":2}},"11":{"start":{"line":92,"column":0},"end":{"line":94,"column":2}},"12":{"start":{"line":96,"column":0},"end":{"line":98,"column":2}},"13":{"start":{"line":100,"column":0},"end":{"line":102,"column":1}},"14":{"start":{"line":104,"column":0},"end":{"line":106,"column":2}},"15":{"start":{"line":108,"column":0},"end":{"line":108,"column":25}}},"fnMap":{},"branchMap":{},"s":{"0":5,"1":5,"2":5,"3":5,"4":5,"5":5,"6":5,"7":5,"8":5,"9":5,"10":5,"11":5,"12":5,"13":5,"14":5,"15":5},"f":{},"b":{},"_coverageSchema":"1a1c01bbd47fc00a2c39e90264f33305004495a9","hash":"608ddf1db0e39677f46b6a84e278d823a07aec1b"}
,"C:\\Users\\chars\\Desktop\\Study Stuff\\FDFDE\\FDFED_2\\Backend\\routes\\UserRoutes.js": {"path":"C:\\Users\\chars\\Desktop\\Study Stuff\\FDFDE\\FDFED_2\\Backend\\routes\\UserRoutes.js","statementMap":{"0":{"start":{"line":1,"column":12},"end":{"line":1,"column":30}},"1":{"start":{"line":2,"column":15},"end":{"line":2,"column":27}},"2":{"start":{"line":5,"column":35},"end":{"line":5,"column":84}},"3":{"start":{"line":6,"column":141},"end":{"line":6,"column":184}},"4":{"start":{"line":7,"column":33},"end":{"line":7,"column":86}},"5":{"start":{"line":8,"column":31},"end":{"line":8,"column":88}},"6":{"start":{"line":9,"column":34},"end":{"line":9,"column":96}},"7":{"start":{"line":10,"column":43},"end":{"line":10,"column":97}},"8":{"start":{"line":12,"column":26},"end":{"line":12,"column":68}},"9":{"start":{"line":15,"column":0},"end":{"line":38,"column":1}},"10":{"start":{"line":40,"column":0},"end":{"line":70,"column":2}},"11":{"start":{"line":72,"column":0},"end":{"line":108,"column":1}},"12":{"start":{"line":110,"column":0},"end":{"line":140,"column":1}},"13":{"start":{"line":142,"column":0},"end":{"line":176,"column":1}},"14":{"start":{"line":179,"column":0},"end":{"line":206,"column":1}},"15":{"start":{"line":208,"column":0},"end":{"line":210,"column":1}},"16":{"start":{"line":213,"column":0},"end":{"line":240,"column":1}},"17":{"start":{"line":242,"column":0},"end":{"line":244,"column":2}},"18":{"start":{"line":246,"column":0},"end":{"line":248,"column":2}},"19":{"start":{"line":251,"column":0},"end":{"line":253,"column":2}},"20":{"start":{"line":255,"column":0},"end":{"line":257,"column":2}},"21":{"start":{"line":259,"column":0},"end":{"line":259,"column":68}},"22":{"start":{"line":260,"column":0},"end":{"line":260,"column":46}},"23":{"start":{"line":262,"column":0},"end":{"line":262,"column":24}}},"fnMap":{},"branchMap":{},"s":{"0":5,"1":5,"2":5,"3":5,"4":5,"5":5,"6":5,"7":5,"8":5,"9":5,"10":5,"11":5,"12":5,"13":5,"14":5,"15":5,"16":5,"17":5,"18":5,"19":5,"20":5,"21":5,"22":5,"23":5},"f":{},"b":{},"_coverageSchema":"1a1c01bbd47fc00a2c39e90264f33305004495a9","hash":"7fd75a401eff84ad0d4d990951c442ab34f3d24f"}
}
