TN:
SF:app.js
FN:126,(anonymous_0)
FN:145,(anonymous_1)
FN:151,(anonymous_2)
FNF:3
FNH:1
FNDA:0,(anonymous_0)
FNDA:5,(anonymous_1)
FNDA:0,(anonymous_2)
DA:1,5
DA:2,5
DA:3,5
DA:5,5
DA:6,5
DA:7,5
DA:8,5
DA:9,5
DA:10,5
DA:11,5
DA:15,5
DA:18,5
DA:19,5
DA:23,5
DA:26,5
DA:27,5
DA:31,5
DA:32,5
DA:33,5
DA:34,5
DA:35,5
DA:36,5
DA:37,5
DA:40,5
DA:43,5
DA:44,5
DA:45,5
DA:47,5
DA:48,5
DA:51,5
DA:54,5
DA:73,5
DA:85,5
DA:96,5
DA:108,5
DA:119,5
DA:126,5
DA:135,0
DA:139,5
DA:141,5
DA:142,5
DA:143,5
DA:145,5
DA:146,5
DA:151,5
DA:152,0
DA:153,0
DA:154,0
DA:162,5
LF:49
LH:45
BRDA:142,0,0,5
BRDA:142,0,1,0
BRDA:152,1,0,0
BRDA:152,1,1,0
BRDA:153,2,0,0
BRDA:153,2,1,0
BRF:6
BRH:1
end_of_record
TN:
SF:controllers\AdminController.js
FN:53,(anonymous_0)
FN:67,(anonymous_1)
FN:92,(anonymous_2)
FN:103,(anonymous_3)
FN:129,(anonymous_4)
FN:155,(anonymous_5)
FN:165,(anonymous_6)
FN:182,(anonymous_7)
FN:214,(anonymous_8)
FN:231,(anonymous_9)
FN:263,(anonymous_10)
FN:292,(anonymous_11)
FNF:12
FNH:0
FNDA:0,(anonymous_0)
FNDA:0,(anonymous_1)
FNDA:0,(anonymous_2)
FNDA:0,(anonymous_3)
FNDA:0,(anonymous_4)
FNDA:0,(anonymous_5)
FNDA:0,(anonymous_6)
FNDA:0,(anonymous_7)
FNDA:0,(anonymous_8)
FNDA:0,(anonymous_9)
FNDA:0,(anonymous_10)
FNDA:0,(anonymous_11)
DA:1,5
DA:3,5
DA:5,5
DA:7,5
DA:9,5
DA:11,5
DA:12,5
DA:53,5
DA:54,0
DA:55,0
DA:57,0
DA:61,0
DA:67,5
DA:69,0
DA:70,0
DA:71,0
DA:72,0
DA:73,0
DA:75,0
DA:83,0
DA:84,0
DA:92,5
DA:93,0
DA:94,0
DA:95,0
DA:96,0
DA:98,0
DA:99,0
DA:103,5
DA:104,0
DA:105,0
DA:120,0
DA:122,0
DA:123,0
DA:129,5
DA:130,0
DA:131,0
DA:133,0
DA:134,0
DA:138,0
DA:145,0
DA:149,0
DA:155,5
DA:156,0
DA:157,0
DA:158,0
DA:160,0
DA:161,0
DA:165,5
DA:166,0
DA:167,0
DA:169,0
DA:170,0
DA:175,0
DA:178,0
DA:182,5
DA:183,0
DA:184,0
DA:185,0
DA:186,0
DA:188,0
DA:192,0
DA:214,5
DA:215,0
DA:216,0
DA:217,0
DA:219,0
DA:221,0
DA:225,0
DA:231,5
DA:232,0
DA:234,0
DA:237,0
DA:238,0
DA:246,0
DA:249,0
DA:253,0
DA:254,0
DA:263,5
DA:264,0
DA:266,0
DA:269,0
DA:270,0
DA:278,0
DA:281,0
DA:285,0
DA:286,0
DA:292,5
DA:293,0
DA:314,0
DA:315,0
DA:320,0
DA:322,0
DA:337,0
DA:342,0
DA:350,0
DA:379,0
LF:97
LH:19
BRDA:133,0,0,0
BRDA:133,0,1,0
BRDA:133,1,0,0
BRDA:133,1,1,0
BRDA:133,1,2,0
BRDA:133,1,3,0
BRDA:133,1,4,0
BRDA:237,2,0,0
BRDA:237,2,1,0
BRDA:269,3,0,0
BRDA:269,3,1,0
BRDA:315,4,0,0
BRDA:315,4,1,0
BRF:13
BRH:0
end_of_record
TN:
SF:controllers\AuthController.js
FN:15,(anonymous_0)
FN:68,(anonymous_1)
FN:203,(anonymous_2)
FN:288,(anonymous_3)
FN:338,(anonymous_4)
FNF:5
FNH:2
FNDA:1,(anonymous_0)
FNDA:4,(anonymous_1)
FNDA:0,(anonymous_2)
FNDA:0,(anonymous_3)
FNDA:0,(anonymous_4)
DA:1,5
DA:2,5
DA:3,5
DA:4,5
DA:5,5
DA:6,5
DA:7,5
DA:15,5
DA:16,1
DA:18,1
DA:19,1
DA:21,1
DA:22,0
DA:27,1
DA:28,1
DA:29,1
DA:30,1
DA:34,0
DA:36,0
DA:37,0
DA:38,0
DA:43,0
DA:45,0
DA:46,0
DA:53,0
DA:54,0
DA:55,0
DA:61,0
DA:62,0
DA:68,5
DA:69,4
DA:70,4
DA:71,4
DA:72,4
DA:89,4
DA:91,4
DA:92,3
DA:93,3
DA:94,1
DA:99,2
DA:107,2
DA:118,1
DA:120,1
DA:121,1
DA:122,1
DA:123,1
DA:124,1
DA:129,0
DA:136,0
DA:137,0
DA:138,0
DA:140,0
DA:142,0
DA:149,0
DA:150,0
DA:151,0
DA:153,0
DA:166,0
DA:167,0
DA:170,0
DA:172,0
DA:173,0
DA:177,0
DA:178,0
DA:185,0
DA:186,0
DA:196,0
DA:197,0
DA:203,5
DA:204,0
DA:205,0
DA:206,0
DA:207,0
DA:208,0
DA:209,0
DA:210,0
DA:211,0
DA:218,0
DA:225,0
DA:235,0
DA:237,0
DA:288,5
DA:289,0
DA:290,0
DA:291,0
DA:293,0
DA:294,0
DA:295,0
DA:296,0
DA:297,0
DA:302,0
DA:303,0
DA:308,0
DA:315,0
DA:316,0
DA:317,0
DA:324,0
DA:325,0
DA:331,0
DA:338,5
DA:339,0
DA:340,0
DA:342,0
DA:343,0
DA:344,0
DA:345,0
DA:349,0
DA:350,0
DA:351,0
DA:354,0
DA:355,0
DA:363,0
DA:364,0
DA:365,0
DA:369,0
DA:370,0
DA:374,0
DA:377,0
DA:378,0
DA:387,0
LF:120
LH:37
BRDA:21,0,0,0
BRDA:21,0,1,1
BRDA:21,1,0,1
BRDA:21,1,1,1
BRDA:21,1,2,1
BRDA:21,1,3,1
BRDA:29,2,0,1
BRDA:29,2,1,0
BRDA:37,3,0,0
BRDA:37,3,1,0
BRDA:91,4,0,3
BRDA:91,4,1,1
BRDA:93,5,0,1
BRDA:93,5,1,2
BRDA:121,6,0,1
BRDA:121,6,1,0
BRDA:123,7,0,1
BRDA:123,7,1,0
BRDA:166,8,0,0
BRDA:166,8,1,0
BRDA:172,9,0,0
BRDA:172,9,1,0
BRDA:208,10,0,0
BRDA:208,10,1,0
BRDA:210,11,0,0
BRDA:210,11,1,0
BRDA:294,12,0,0
BRDA:294,12,1,0
BRDA:296,13,0,0
BRDA:296,13,1,0
BRDA:342,14,0,0
BRDA:342,14,1,0
BRDA:344,15,0,0
BRDA:344,15,1,0
BRDA:350,16,0,0
BRDA:350,16,1,0
BRDA:350,17,0,0
BRDA:350,17,1,0
BRDA:364,18,0,0
BRDA:364,18,1,0
BRDA:370,19,0,0
BRDA:370,19,1,0
BRDA:371,20,0,0
BRDA:371,20,1,0
BRF:44
BRH:12
end_of_record
TN:
SF:controllers\CoursesController.js
FN:25,(anonymous_0)
FN:59,(anonymous_1)
FN:64,(anonymous_2)
FN:86,(anonymous_3)
FN:110,(anonymous_4)
FN:127,(anonymous_5)
FN:142,(anonymous_6)
FN:183,(anonymous_7)
FN:202,(anonymous_8)
FN:218,(anonymous_9)
FN:234,(anonymous_10)
FN:259,(anonymous_11)
FN:273,(anonymous_12)
FN:292,(anonymous_13)
FN:309,(anonymous_14)
FN:338,(anonymous_15)
FNF:16
FNH:5
FNDA:1,(anonymous_0)
FNDA:0,(anonymous_1)
FNDA:0,(anonymous_2)
FNDA:2,(anonymous_3)
FNDA:2,(anonymous_4)
FNDA:1,(anonymous_5)
FNDA:0,(anonymous_6)
FNDA:0,(anonymous_7)
FNDA:0,(anonymous_8)
FNDA:0,(anonymous_9)
FNDA:0,(anonymous_10)
FNDA:0,(anonymous_11)
FNDA:0,(anonymous_12)
FNDA:0,(anonymous_13)
FNDA:0,(anonymous_14)
FNDA:1,(anonymous_15)
DA:1,5
DA:2,5
DA:3,5
DA:4,5
DA:5,5
DA:6,5
DA:7,5
DA:8,5
DA:9,5
DA:10,5
DA:11,5
DA:12,5
DA:14,5
DA:20,5
DA:25,5
DA:28,1
DA:30,1
DA:34,1
DA:59,5
DA:60,0
DA:62,0
DA:64,0
DA:65,0
DA:67,0
DA:68,0
DA:70,0
DA:72,0
DA:73,0
DA:75,0
DA:76,0
DA:80,0
DA:81,0
DA:86,5
DA:87,2
DA:88,2
DA:91,2
DA:96,2
DA:98,2
DA:99,1
DA:101,1
DA:105,0
DA:106,0
DA:110,5
DA:111,2
DA:112,2
DA:113,2
DA:114,1
DA:115,0
DA:118,1
DA:119,1
DA:122,1
DA:123,1
DA:127,5
DA:129,1
DA:130,1
DA:131,1
DA:135,1
DA:137,0
DA:138,0
DA:142,5
DA:144,0
DA:145,0
DA:147,0
DA:148,0
DA:150,0
DA:153,0
DA:154,0
DA:155,0
DA:157,0
DA:159,0
DA:163,0
DA:173,0
DA:174,0
DA:176,0
DA:177,0
DA:183,5
DA:184,0
DA:185,0
DA:186,0
DA:187,0
DA:189,0
DA:190,0
DA:193,0
DA:194,0
DA:195,0
DA:196,0
DA:198,0
DA:202,5
DA:203,0
DA:204,0
DA:205,0
DA:206,0
DA:207,0
DA:209,0
DA:210,0
DA:211,0
DA:213,0
DA:214,0
DA:218,5
DA:219,0
DA:220,0
DA:221,0
DA:222,0
DA:223,0
DA:225,0
DA:227,0
DA:228,0
DA:234,5
DA:235,0
DA:236,0
DA:237,0
DA:238,0
DA:244,0
DA:245,0
DA:248,0
DA:250,0
DA:251,0
DA:252,0
DA:254,0
DA:255,0
DA:259,5
DA:260,0
DA:261,0
DA:262,0
DA:263,0
DA:264,0
DA:266,0
DA:268,0
DA:269,0
DA:273,5
DA:274,0
DA:275,0
DA:276,0
DA:277,0
DA:278,0
DA:280,0
DA:281,0
DA:282,0
DA:284,0
DA:285,0
DA:292,5
DA:293,0
DA:295,0
DA:296,0
DA:298,0
DA:300,0
DA:304,0
DA:309,5
DA:310,0
DA:312,0
DA:313,0
DA:315,0
DA:316,0
DA:317,0
DA:318,0
DA:319,0
DA:325,0
DA:326,0
DA:327,0
DA:330,0
DA:333,0
DA:334,0
DA:338,5
DA:339,1
DA:340,1
DA:341,1
DA:343,1
DA:354,1
DA:355,1
DA:358,0
DA:359,0
LF:171
LH:57
BRDA:65,0,0,0
BRDA:65,0,1,0
BRDA:67,1,0,0
BRDA:67,1,1,0
BRDA:72,2,0,0
BRDA:72,2,1,0
BRDA:98,3,0,1
BRDA:98,3,1,1
BRDA:114,4,0,0
BRDA:114,4,1,1
BRDA:154,5,0,0
BRDA:154,5,1,0
BRDA:189,6,0,0
BRDA:189,6,1,0
BRDA:206,7,0,0
BRDA:206,7,1,0
BRDA:222,8,0,0
BRDA:222,8,1,0
BRDA:244,9,0,0
BRDA:244,9,1,0
BRDA:263,10,0,0
BRDA:263,10,1,0
BRDA:277,11,0,0
BRDA:277,11,1,0
BRDA:318,12,0,0
BRDA:318,12,1,0
BRDA:355,13,0,1
BRDA:355,13,1,0
BRF:28
BRH:4
end_of_record
TN:
SF:controllers\DashboardTeacherProfileController.js
FN:11,(anonymous_0)
FN:39,(anonymous_1)
FN:46,(anonymous_2)
FN:57,(anonymous_3)
FN:73,(anonymous_4)
FN:79,(anonymous_5)
FN:93,(anonymous_6)
FN:102,(anonymous_7)
FN:130,(anonymous_8)
FN:166,(anonymous_9)
FN:176,(anonymous_10)
FNF:11
FNH:0
FNDA:0,(anonymous_0)
FNDA:0,(anonymous_1)
FNDA:0,(anonymous_2)
FNDA:0,(anonymous_3)
FNDA:0,(anonymous_4)
FNDA:0,(anonymous_5)
FNDA:0,(anonymous_6)
FNDA:0,(anonymous_7)
FNDA:0,(anonymous_8)
FNDA:0,(anonymous_9)
FNDA:0,(anonymous_10)
DA:1,5
DA:2,5
DA:3,5
DA:4,5
DA:5,5
DA:6,5
DA:7,5
DA:8,5
DA:11,5
DA:12,0
DA:13,0
DA:15,0
DA:17,0
DA:19,0
DA:22,0
DA:23,0
DA:26,0
DA:29,0
DA:31,0
DA:32,0
DA:39,5
DA:41,0
DA:43,0
DA:45,0
DA:46,0
DA:47,0
DA:48,0
DA:51,0
DA:52,0
DA:57,5
DA:58,0
DA:60,0
DA:61,0
DA:64,0
DA:66,0
DA:73,5
DA:74,0
DA:76,0
DA:78,0
DA:79,0
DA:80,0
DA:82,0
DA:84,0
DA:87,0
DA:88,0
DA:93,5
DA:94,0
DA:95,0
DA:97,0
DA:98,0
DA:99,0
DA:100,0
DA:102,0
DA:103,0
DA:105,0
DA:106,0
DA:107,0
DA:108,0
DA:109,0
DA:110,0
DA:111,0
DA:115,0
DA:117,0
DA:122,0
DA:125,0
DA:126,0
DA:130,5
DA:131,0
DA:132,0
DA:133,0
DA:136,0
DA:137,0
DA:139,0
DA:140,0
DA:157,0
DA:160,0
DA:161,0
DA:166,5
DA:167,0
DA:169,0
DA:171,0
DA:172,0
DA:173,0
DA:176,0
DA:178,0
DA:184,0
DA:187,0
DA:188,0
LF:88
LH:15
BRDA:22,0,0,0
BRDA:22,0,1,0
BRDA:60,1,0,0
BRDA:60,1,1,0
BRDA:110,2,0,0
BRDA:110,2,1,0
BRDA:110,3,0,0
BRDA:110,3,1,0
BRDA:172,4,0,0
BRDA:172,4,1,0
BRF:10
BRH:0
end_of_record
TN:
SF:controllers\InstructorController.js
FN:4,(anonymous_0)
FN:8,(anonymous_1)
FNF:2
FNH:0
FNDA:0,(anonymous_0)
FNDA:0,(anonymous_1)
DA:1,5
DA:2,5
DA:4,5
DA:6,0
DA:8,0
DA:9,0
DA:11,0
DA:12,0
DA:15,0
DA:16,0
DA:18,0
DA:19,0
DA:20,0
DA:22,0
DA:27,0
DA:28,0
LF:16
LH:3
BRDA:9,0,0,0
BRDA:9,0,1,0
BRDA:11,1,0,0
BRDA:11,1,1,0
BRDA:18,2,0,0
BRDA:18,2,1,0
BRF:6
BRH:0
end_of_record
TN:
SF:controllers\PaymentController.js
FN:8,(anonymous_0)
FNF:1
FNH:1
FNDA:3,(anonymous_0)
DA:1,5
DA:2,5
DA:8,5
DA:9,3
DA:15,3
DA:16,3
DA:17,3
DA:18,1
DA:20,2
LF:9
LH:9
BRF:0
BRH:0
end_of_record
TN:
SF:controllers\StudentEditProfileController.js
FN:10,(anonymous_0)
FN:68,(anonymous_1)
FNF:2
FNH:0
FNDA:0,(anonymous_0)
FNDA:0,(anonymous_1)
DA:1,5
DA:2,5
DA:4,5
DA:10,5
DA:11,0
DA:12,0
DA:14,0
DA:26,0
DA:27,0
DA:32,0
DA:33,0
DA:36,0
DA:42,0
DA:47,0
DA:50,0
DA:56,0
DA:62,0
DA:63,0
DA:68,5
DA:69,0
DA:71,0
DA:73,0
DA:76,0
DA:77,0
DA:80,0
DA:82,0
DA:83,0
LF:27
LH:5
BRDA:26,0,0,0
BRDA:26,0,1,0
BRDA:32,1,0,0
BRDA:32,1,1,0
BRDA:32,2,0,0
BRDA:32,2,1,0
BRDA:32,2,2,0
BRDA:76,3,0,0
BRDA:76,3,1,0
BRF:9
BRH:0
end_of_record
TN:
SF:controllers\TeacherController.js
FN:5,(anonymous_0)
FN:55,(anonymous_1)
FN:89,(anonymous_2)
FN:108,(anonymous_3)
FN:132,(anonymous_4)
FNF:5
FNH:2
FNDA:0,(anonymous_0)
FNDA:1,(anonymous_1)
FNDA:1,(anonymous_2)
FNDA:0,(anonymous_3)
FNDA:0,(anonymous_4)
DA:1,5
DA:2,5
DA:3,5
DA:5,5
DA:6,0
DA:7,0
DA:18,0
DA:21,0
DA:23,0
DA:24,0
DA:28,0
DA:29,0
DA:42,0
DA:44,0
DA:46,0
DA:47,0
DA:55,5
DA:56,1
DA:58,1
DA:77,1
DA:84,0
DA:85,0
DA:89,5
DA:91,1
DA:92,1
DA:95,1
DA:96,1
DA:98,1
DA:103,0
DA:108,5
DA:109,0
DA:110,0
DA:115,0
DA:121,0
DA:122,0
DA:125,0
DA:127,0
DA:128,0
DA:132,5
DA:133,0
DA:134,0
DA:137,0
DA:139,0
DA:140,0
DA:143,0
DA:145,0
DA:146,0
LF:47
LH:16
BRDA:23,0,0,0
BRDA:23,0,1,0
BRDA:121,1,0,0
BRDA:121,1,1,0
BRDA:139,2,0,0
BRDA:139,2,1,0
BRF:6
BRH:0
end_of_record
TN:
SF:controllers\TeacherEditProfileController.js
FN:10,(anonymous_0)
FNF:1
FNH:0
FNDA:0,(anonymous_0)
DA:1,5
DA:2,5
DA:4,5
DA:10,5
DA:11,0
DA:12,0
DA:14,0
DA:26,0
DA:27,0
DA:32,0
DA:33,0
DA:36,0
DA:42,0
DA:47,0
DA:50,0
DA:56,0
DA:62,0
DA:63,0
LF:18
LH:4
BRDA:26,0,0,0
BRDA:26,0,1,0
BRDA:32,1,0,0
BRDA:32,1,1,0
BRDA:32,2,0,0
BRDA:32,2,1,0
BRDA:32,2,2,0
BRF:7
BRH:0
end_of_record
TN:
SF:controllers\TeacherProfileController.js
FN:4,(anonymous_0)
FNF:1
FNH:0
FNDA:0,(anonymous_0)
DA:1,5
DA:2,5
DA:4,5
DA:5,0
DA:7,0
DA:9,0
DA:12,0
DA:13,0
DA:16,0
DA:19,0
DA:21,0
DA:22,0
LF:12
LH:3
BRDA:12,0,0,0
BRDA:12,0,1,0
BRF:2
BRH:0
end_of_record
TN:
SF:controllers\UserController.js
FN:11,(anonymous_0)
FN:37,(anonymous_1)
FN:63,(anonymous_2)
FN:81,(anonymous_3)
FN:100,(anonymous_4)
FN:106,(anonymous_5)
FN:112,(anonymous_6)
FN:115,(anonymous_7)
FN:118,(anonymous_8)
FN:150,(anonymous_9)
FN:165,(anonymous_10)
FN:191,(anonymous_11)
FN:212,(anonymous_12)
FN:223,(anonymous_13)
FN:232,(anonymous_14)
FN:240,(anonymous_15)
FN:251,(anonymous_16)
FN:272,(anonymous_17)
FN:275,(anonymous_18)
FNF:19
FNH:0
FNDA:0,(anonymous_0)
FNDA:0,(anonymous_1)
FNDA:0,(anonymous_2)
FNDA:0,(anonymous_3)
FNDA:0,(anonymous_4)
FNDA:0,(anonymous_5)
FNDA:0,(anonymous_6)
FNDA:0,(anonymous_7)
FNDA:0,(anonymous_8)
FNDA:0,(anonymous_9)
FNDA:0,(anonymous_10)
FNDA:0,(anonymous_11)
FNDA:0,(anonymous_12)
FNDA:0,(anonymous_13)
FNDA:0,(anonymous_14)
FNDA:0,(anonymous_15)
FNDA:0,(anonymous_16)
FNDA:0,(anonymous_17)
FNDA:0,(anonymous_18)
DA:1,5
DA:2,5
DA:3,5
DA:4,5
DA:5,5
DA:6,5
DA:7,5
DA:8,5
DA:9,5
DA:11,5
DA:13,0
DA:14,0
DA:15,0
DA:16,0
DA:17,0
DA:19,0
DA:20,0
DA:23,0
DA:24,0
DA:26,0
DA:27,0
DA:29,0
DA:32,0
DA:33,0
DA:37,5
DA:39,0
DA:40,0
DA:42,0
DA:43,0
DA:46,0
DA:47,0
DA:50,0
DA:51,0
DA:52,0
DA:53,0
DA:55,0
DA:58,0
DA:59,0
DA:63,5
DA:65,0
DA:67,0
DA:68,0
DA:69,0
DA:70,0
DA:71,0
DA:74,0
DA:76,0
DA:77,0
DA:81,5
DA:85,0
DA:88,0
DA:89,0
DA:100,0
DA:102,0
DA:106,0
DA:110,0
DA:112,0
DA:114,0
DA:115,0
DA:118,0
DA:119,0
DA:120,0
DA:121,0
DA:123,0
DA:127,0
DA:128,0
DA:131,0
DA:135,0
DA:136,0
DA:137,0
DA:138,0
DA:139,0
DA:142,0
DA:144,0
DA:145,0
DA:150,5
DA:152,0
DA:153,0
DA:154,0
DA:155,0
DA:156,0
DA:157,0
DA:158,0
DA:161,0
DA:162,0
DA:165,0
DA:166,0
DA:167,0
DA:169,0
DA:175,0
DA:176,0
DA:178,0
DA:179,0
DA:183,0
DA:186,0
DA:187,0
DA:191,5
DA:192,0
DA:194,0
DA:195,0
DA:198,0
DA:199,0
DA:205,0
DA:207,0
DA:208,0
DA:212,5
DA:214,0
DA:215,0
DA:216,0
DA:217,0
DA:219,0
DA:220,0
DA:222,0
DA:223,0
DA:224,0
DA:225,0
DA:227,0
DA:228,0
DA:232,5
DA:233,0
DA:234,0
DA:235,0
DA:236,0
DA:237,0
DA:240,0
DA:241,0
DA:245,0
DA:246,0
DA:251,5
DA:253,0
DA:254,0
DA:255,0
DA:256,0
DA:257,0
DA:260,0
DA:262,0
DA:263,0
DA:264,0
DA:265,0
DA:268,0
DA:269,0
DA:272,0
DA:273,0
DA:274,0
DA:275,0
DA:276,0
DA:277,0
DA:278,0
DA:280,0
DA:282,0
DA:283,0
DA:286,0
DA:288,0
DA:289,0
DA:291,0
DA:293,0
DA:294,0
LF:157
LH:18
BRDA:19,0,0,0
BRDA:19,0,1,0
BRDA:23,1,0,0
BRDA:23,1,1,0
BRDA:46,2,0,0
BRDA:46,2,1,0
BRDA:50,3,0,0
BRDA:50,3,1,0
BRDA:70,4,0,0
BRDA:70,4,1,0
BRDA:120,5,0,0
BRDA:120,5,1,0
BRDA:138,6,0,0
BRDA:138,6,1,0
BRDA:157,7,0,0
BRDA:157,7,1,0
BRDA:161,8,0,0
BRDA:161,8,1,0
BRDA:165,9,0,0
BRDA:165,9,1,0
BRDA:194,10,0,0
BRDA:194,10,1,0
BRDA:194,11,0,0
BRDA:194,11,1,0
BRDA:194,11,2,0
BRDA:219,12,0,0
BRDA:219,12,1,0
BRDA:236,13,0,0
BRDA:236,13,1,0
BRDA:256,14,0,0
BRDA:256,14,1,0
BRDA:256,15,0,0
BRDA:256,15,1,0
BRDA:256,15,2,0
BRDA:264,16,0,0
BRDA:264,16,1,0
BRDA:268,17,0,0
BRDA:268,17,1,0
BRDA:273,18,0,0
BRDA:273,18,1,0
BRDA:276,19,0,0
BRDA:276,19,1,0
BRDA:282,20,0,0
BRDA:282,20,1,0
BRF:44
BRH:0
end_of_record
TN:
SF:database\cache.js
FNF:0
FNH:0
DA:1,5
DA:3,5
DA:8,5
LF:3
LH:3
BRDA:4,0,0,5
BRDA:4,0,1,5
BRF:2
BRH:2
end_of_record
TN:
SF:middleware\authmiddleware.js
FN:5,(anonymous_0)
FN:26,(anonymous_1)
FNF:2
FNH:0
FNDA:0,(anonymous_0)
FNDA:0,(anonymous_1)
DA:2,5
DA:3,5
DA:5,5
DA:10,0
DA:12,0
DA:13,0
DA:14,0
DA:17,0
DA:22,0
DA:26,5
DA:27,0
DA:28,0
DA:29,0
DA:30,0
DA:36,0
DA:39,0
DA:40,0
LF:17
LH:4
BRDA:29,0,0,0
BRDA:29,0,1,0
BRF:2
BRH:0
end_of_record
TN:
SF:models\admin.js
FNF:0
FNH:0
DA:1,5
DA:3,5
DA:5,5
DA:17,5
LF:4
LH:4
BRF:0
BRH:0
end_of_record
TN:
SF:models\category.js
FNF:0
FNH:0
DA:1,5
DA:3,5
DA:11,5
LF:3
LH:3
BRF:0
BRH:0
end_of_record
TN:
SF:models\comment.js
FNF:0
FNH:0
DA:1,5
DA:3,5
DA:5,5
DA:22,5
LF:4
LH:4
BRF:0
BRH:0
end_of_record
TN:
SF:models\contact.js
FNF:0
FNH:0
DA:1,5
DA:3,5
DA:6,5
DA:14,5
LF:4
LH:4
BRF:0
BRH:0
end_of_record
TN:
SF:models\course.js
FNF:0
FNH:0
DA:1,5
DA:2,5
DA:4,5
DA:76,5
LF:4
LH:4
BRF:0
BRH:0
end_of_record
TN:
SF:models\order.js
FNF:0
FNH:0
DA:1,5
DA:4,5
DA:26,5
LF:3
LH:3
BRF:0
BRH:0
end_of_record
TN:
SF:models\progress.js
FNF:0
FNH:0
DA:1,0
DA:3,0
DA:22,0
LF:3
LH:0
BRF:0
BRH:0
end_of_record
TN:
SF:models\purchase.js
FNF:0
FNH:0
DA:1,5
DA:4,5
DA:28,5
LF:3
LH:3
BRF:0
BRH:0
end_of_record
TN:
SF:models\quizes.js
FNF:0
FNH:0
DA:1,0
DA:3,0
DA:18,0
DA:35,0
DA:37,0
LF:5
LH:0
BRF:0
BRH:0
end_of_record
TN:
SF:models\rating.js
FNF:0
FNH:0
DA:1,5
DA:3,5
DA:21,5
LF:3
LH:3
BRF:0
BRH:0
end_of_record
TN:
SF:models\sections.js
FNF:0
FNH:0
DA:1,5
DA:3,5
DA:23,5
LF:3
LH:3
BRF:0
BRH:0
end_of_record
TN:
SF:models\teacher.js
FNF:0
FNH:0
DA:3,5
DA:5,5
DA:8,5
DA:82,5
LF:4
LH:4
BRF:0
BRH:0
end_of_record
TN:
SF:models\user.js
FNF:0
FNH:0
DA:1,5
DA:3,5
DA:6,5
DA:75,5
LF:4
LH:4
BRF:0
BRH:0
end_of_record
TN:
SF:models\videos.js
FNF:0
FNH:0
DA:1,5
DA:3,5
DA:14,5
LF:3
LH:3
BRF:0
BRH:0
end_of_record
TN:
SF:routes\AdminRoutes.js
FN:42,(anonymous_0)
FNF:1
FNH:0
FNDA:0,(anonymous_0)
DA:1,5
DA:2,5
DA:4,5
DA:6,5
DA:10,5
DA:14,5
DA:18,5
DA:22,5
DA:26,5
DA:30,5
DA:34,5
DA:38,5
DA:42,5
DA:43,0
DA:44,0
DA:48,5
LF:16
LH:14
BRF:0
BRH:0
end_of_record
TN:
SF:routes\AuthRoutes.js
FNF:0
FNH:0
DA:1,5
DA:2,5
DA:4,5
DA:7,5
DA:57,5
DA:94,5
DA:132,5
DA:168,5
LF:8
LH:8
BRF:0
BRH:0
end_of_record
TN:
SF:routes\CourseRoutes.js
FN:53,(anonymous_0)
FNF:1
FNH:0
FNDA:0,(anonymous_0)
DA:1,5
DA:2,5
DA:3,5
DA:4,5
DA:5,5
DA:6,5
DA:7,5
DA:8,5
DA:9,5
DA:12,5
DA:20,5
DA:29,5
DA:33,5
DA:53,5
DA:79,5
DA:114,5
DA:145,5
DA:165,5
DA:173,5
DA:177,5
DA:180,5
DA:183,5
DA:186,5
DA:189,5
DA:193,5
DA:196,5
DA:200,5
DA:205,5
LF:28
LH:28
BRF:0
BRH:0
end_of_record
TN:
SF:routes\PaymentRoutes.js
FNF:0
FNH:0
DA:1,5
DA:2,5
DA:3,5
DA:7,5
DA:31,5
LF:5
LH:5
BRF:0
BRH:0
end_of_record
TN:
SF:routes\TeacherRoutes.js
FNF:0
FNH:0
DA:1,5
DA:4,5
DA:6,5
DA:7,5
DA:9,5
DA:11,5
DA:31,5
DA:55,5
DA:80,5
DA:84,5
DA:88,5
DA:92,5
DA:96,5
DA:100,5
DA:104,5
DA:108,5
LF:16
LH:16
BRF:0
BRH:0
end_of_record
TN:
SF:routes\UserRoutes.js
FNF:0
FNH:0
DA:1,5
DA:2,5
DA:5,5
DA:6,5
DA:7,5
DA:8,5
DA:9,5
DA:10,5
DA:12,5
DA:15,5
DA:40,5
DA:72,5
DA:110,5
DA:142,5
DA:179,5
DA:208,5
DA:213,5
DA:242,5
DA:246,5
DA:251,5
DA:255,5
DA:259,5
DA:260,5
DA:262,5
LF:24
LH:24
BRF:0
BRH:0
end_of_record
